<?xml version="1.0" encoding="UTF-8"?>
<coverage generated="1747220927123" clover="3.2.0">
  <project timestamp="1747220927131" name="All files">
    <metrics statements="48" coveredstatements="48" conditionals="18" coveredconditionals="18" methods="4" coveredmethods="4" elements="70" coveredelements="70" complexity="0" loc="48" ncloc="48" packages="1" files="1" classes="1"/>
    <file name="user.js" path="/home/taslihah/Turing Tasks/homehost/packages/server/services/user.js">
      <metrics statements="48" coveredstatements="48" conditionals="18" coveredconditionals="18" methods="4" coveredmethods="4"/>
      <line num="2" count="1" type="stmt"/>
      <line num="3" count="1" type="stmt"/>
      <line num="5" count="1" type="stmt"/>
      <line num="13" count="4" type="stmt"/>
      <line num="14" count="4" type="stmt"/>
      <line num="20" count="3" type="cond" truecount="2" falsecount="0"/>
      <line num="21" count="2" type="stmt"/>
      <line num="25" count="1" type="stmt"/>
      <line num="26" count="1" type="stmt"/>
      <line num="28" count="1" type="stmt"/>
      <line num="29" count="1" type="stmt"/>
      <line num="39" count="4" type="stmt"/>
      <line num="41" count="4" type="stmt"/>
      <line num="43" count="4" type="stmt"/>
      <line num="52" count="3" type="cond" truecount="2" falsecount="0"/>
      <line num="53" count="2" type="stmt"/>
      <line num="57" count="1" type="stmt"/>
      <line num="58" count="1" type="stmt"/>
      <line num="60" count="1" type="stmt"/>
      <line num="61" count="1" type="stmt"/>
      <line num="74" count="5" type="stmt"/>
      <line num="76" count="5" type="stmt"/>
      <line num="77" count="5" type="cond" truecount="2" falsecount="0"/>
      <line num="78" count="1" type="stmt"/>
      <line num="82" count="4" type="stmt"/>
      <line num="85" count="4" type="stmt"/>
      <line num="94" count="4" type="cond" truecount="2" falsecount="0"/>
      <line num="95" count="1" type="stmt"/>
      <line num="99" count="3" type="stmt"/>
      <line num="102" count="3" type="stmt"/>
      <line num="111" count="2" type="stmt"/>
      <line num="112" count="2" type="stmt"/>
      <line num="115" count="3" type="cond" truecount="4" falsecount="0"/>
      <line num="117" count="2" type="stmt"/>
      <line num="120" count="1" type="stmt"/>
      <line num="121" count="1" type="stmt"/>
      <line num="133" count="5" type="stmt"/>
      <line num="135" count="5" type="stmt"/>
      <line num="138" count="5" type="stmt"/>
      <line num="148" count="4" type="cond" truecount="4" falsecount="0"/>
      <line num="149" count="2" type="stmt"/>
      <line num="153" count="2" type="stmt"/>
      <line num="154" count="2" type="stmt"/>
      <line num="157" count="3" type="cond" truecount="2" falsecount="0"/>
      <line num="158" count="2" type="stmt"/>
      <line num="161" count="1" type="stmt"/>
      <line num="162" count="1" type="stmt"/>
      <line num="166" count="1" type="stmt"/>
    </file>
  </project>
</coverage>
