<?xml version="1.0" encoding="UTF-8"?>
<coverage generated="1747246088090" clover="3.2.0">
  <project timestamp="1747246088090" name="All files">
    <metrics statements="91" coveredstatements="67" conditionals="44" coveredconditionals="28" methods="8" coveredmethods="8" elements="143" coveredelements="103" complexity="0" loc="91" ncloc="91" packages="1" files="1" classes="1"/>
    <file name="authController.js" path="/home/taslihah/Turing Tasks/homehost/packages/server/controller/authController.js">
      <metrics statements="91" coveredstatements="67" conditionals="44" coveredconditionals="28" methods="8" coveredmethods="8"/>
      <line num="2" count="1" type="stmt"/>
      <line num="3" count="1" type="stmt"/>
      <line num="11" count="4" type="stmt"/>
      <line num="12" count="4" type="stmt"/>
      <line num="23" count="5" type="stmt"/>
      <line num="38" count="4" type="stmt"/>
      <line num="39" count="4" type="stmt"/>
      <line num="41" count="4" type="cond" truecount="2" falsecount="0"/>
      <line num="42" count="1" type="stmt"/>
      <line num="47" count="3" type="stmt"/>
      <line num="49" count="1" type="stmt"/>
      <line num="55" count="2" type="stmt"/>
      <line num="57" count="2" type="cond" truecount="2" falsecount="0"/>
      <line num="58" count="1" type="stmt"/>
      <line num="63" count="1" type="stmt"/>
      <line num="64" count="1" type="stmt"/>
      <line num="66" count="1" type="stmt"/>
      <line num="68" count="1" type="cond" truecount="2" falsecount="3"/>
      <line num="69" count="1" type="stmt"/>
      <line num="74" count="0" type="stmt"/>
      <line num="87" count="1" type="stmt"/>
      <line num="88" count="1" type="cond" truecount="1" falsecount="1"/>
      <line num="89" count="0" type="stmt"/>
      <line num="92" count="1" type="stmt"/>
      <line num="93" count="1" type="stmt"/>
      <line num="107" count="1" type="stmt"/>
      <line num="110" count="0" type="stmt"/>
      <line num="113" count="0" type="cond" truecount="0" falsecount="2"/>
      <line num="115" count="0" type="stmt"/>
      <line num="119" count="0" type="stmt"/>
      <line num="132" count="2" type="stmt"/>
      <line num="133" count="2" type="stmt"/>
      <line num="134" count="2" type="stmt"/>
      <line num="137" count="2" type="cond" truecount="1" falsecount="1"/>
      <line num="138" count="0" type="stmt"/>
      <line num="139" count="2" type="cond" truecount="2" falsecount="0"/>
      <line num="140" count="1" type="stmt"/>
      <line num="144" count="2" type="cond" truecount="2" falsecount="0"/>
      <line num="145" count="1" type="stmt"/>
      <line num="149" count="2" type="cond" truecount="1" falsecount="1"/>
      <line num="150" count="0" type="stmt"/>
      <line num="153" count="2" type="stmt"/>
      <line num="154" count="2" type="cond" truecount="2" falsecount="0"/>
      <line num="155" count="1" type="stmt"/>
      <line num="160" count="2" type="cond" truecount="2" falsecount="0"/>
      <line num="161" count="1" type="stmt"/>
      <line num="165" count="2" type="cond" truecount="2" falsecount="0"/>
      <line num="166" count="1" type="stmt"/>
      <line num="170" count="1" type="stmt"/>
      <line num="171" count="1" type="stmt"/>
      <line num="174" count="1" type="stmt"/>
      <line num="177" count="1" type="stmt"/>
      <line num="184" count="1" type="stmt"/>
      <line num="194" count="0" type="cond" truecount="0" falsecount="2"/>
      <line num="195" count="0" type="stmt"/>
      <line num="201" count="0" type="stmt"/>
      <line num="204" count="0" type="stmt"/>
      <line num="205" count="0" type="stmt"/>
      <line num="218" count="2" type="stmt"/>
      <line num="219" count="2" type="stmt"/>
      <line num="220" count="2" type="stmt"/>
      <line num="223" count="2" type="cond" truecount="1" falsecount="1"/>
      <line num="224" count="0" type="stmt"/>
      <line num="225" count="2" type="cond" truecount="1" falsecount="1"/>
      <line num="226" count="0" type="stmt"/>
      <line num="230" count="2" type="cond" truecount="1" falsecount="1"/>
      <line num="231" count="0" type="stmt"/>
      <line num="235" count="2" type="cond" truecount="1" falsecount="1"/>
      <line num="236" count="0" type="stmt"/>
      <line num="239" count="2" type="stmt"/>
      <line num="241" count="2" type="stmt"/>
      <line num="244" count="1" type="stmt"/>
      <line num="247" count="1" type="stmt"/>
      <line num="254" count="1" type="stmt"/>
      <line num="264" count="1" type="cond" truecount="1" falsecount="1"/>
      <line num="265" count="1" type="stmt"/>
      <line num="271" count="0" type="stmt"/>
      <line num="274" count="0" type="stmt"/>
      <line num="275" count="0" type="stmt"/>
      <line num="288" count="2" type="stmt"/>
      <line num="290" count="2" type="stmt"/>
      <line num="297" count="2" type="stmt"/>
      <line num="299" count="2" type="cond" truecount="2" falsecount="0"/>
      <line num="301" count="2" type="cond" truecount="2" falsecount="0"/>
      <line num="302" count="1" type="stmt"/>
      <line num="305" count="2" type="stmt"/>
      <line num="312" count="0" type="stmt"/>
      <line num="314" count="0" type="stmt"/>
      <line num="320" count="0" type="stmt"/>
      <line num="321" count="0" type="stmt"/>
      <line num="327" count="1" type="stmt"/>
    </file>
  </project>
</coverage>
