{"/home/taslihah/Turing Tasks/homehost/packages/server/controller/authController.js": {"path":"/home/taslihah/Turing Tasks/homehost/packages/server/controller/authController.js","statementMap":{"0":{"start":{"line":2,"column":20},"end":{"line":2,"column":47}},"1":{"start":{"line":3,"column":20},"end":{"line":3,"column":47}},"2":{"start":{"line":11,"column":21},"end":{"line":11,"column":49}},"3":{"start":{"line":12,"column":2},"end":{"line":12,"column":32}},"4":{"start":{"line":23,"column":2},"end":{"line":27,"column":4}},"5":{"start":{"line":37,"column":2},"end":{"line":113,"column":3}},"6":{"start":{"line":38,"column":59},"end":{"line":38,"column":67}},"7":{"start":{"line":39,"column":19},"end":{"line":39,"column":21}},"8":{"start":{"line":42,"column":4},"end":{"line":46,"column":5}},"9":{"start":{"line":43,"column":6},"end":{"line":43,"column":68}},"10":{"start":{"line":44,"column":11},"end":{"line":46,"column":5}},"11":{"start":{"line":45,"column":6},"end":{"line":45,"column":71}},"12":{"start":{"line":49,"column":4},"end":{"line":51,"column":5}},"13":{"start":{"line":50,"column":6},"end":{"line":50,"column":74}},"14":{"start":{"line":54,"column":4},"end":{"line":62,"column":5}},"15":{"start":{"line":55,"column":6},"end":{"line":55,"column":74}},"16":{"start":{"line":58,"column":33},"end":{"line":58,"column":79}},"17":{"start":{"line":59,"column":6},"end":{"line":61,"column":7}},"18":{"start":{"line":60,"column":8},"end":{"line":60,"column":80}},"19":{"start":{"line":65,"column":4},"end":{"line":67,"column":5}},"20":{"start":{"line":66,"column":6},"end":{"line":66,"column":83}},"21":{"start":{"line":70,"column":4},"end":{"line":72,"column":5}},"22":{"start":{"line":71,"column":6},"end":{"line":71,"column":89}},"23":{"start":{"line":75,"column":4},"end":{"line":107,"column":5}},"24":{"start":{"line":76,"column":19},"end":{"line":76,"column":74}},"25":{"start":{"line":79,"column":20},"end":{"line":79,"column":54}},"26":{"start":{"line":82,"column":6},"end":{"line":86,"column":9}},"27":{"start":{"line":89,"column":6},"end":{"line":96,"column":9}},"28":{"start":{"line":99,"column":6},"end":{"line":103,"column":7}},"29":{"start":{"line":100,"column":8},"end":{"line":102,"column":12}},"30":{"start":{"line":106,"column":6},"end":{"line":106,"column":18}},"31":{"start":{"line":109,"column":4},"end":{"line":109,"column":48}},"32":{"start":{"line":110,"column":4},"end":{"line":112,"column":8}},"33":{"start":{"line":123,"column":2},"end":{"line":183,"column":3}},"34":{"start":{"line":124,"column":32},"end":{"line":124,"column":40}},"35":{"start":{"line":125,"column":19},"end":{"line":125,"column":21}},"36":{"start":{"line":128,"column":4},"end":{"line":132,"column":5}},"37":{"start":{"line":129,"column":6},"end":{"line":129,"column":68}},"38":{"start":{"line":130,"column":11},"end":{"line":132,"column":5}},"39":{"start":{"line":131,"column":6},"end":{"line":131,"column":71}},"40":{"start":{"line":135,"column":4},"end":{"line":137,"column":5}},"41":{"start":{"line":136,"column":6},"end":{"line":136,"column":74}},"42":{"start":{"line":140,"column":4},"end":{"line":142,"column":5}},"43":{"start":{"line":141,"column":6},"end":{"line":141,"column":89}},"44":{"start":{"line":144,"column":4},"end":{"line":177,"column":5}},"45":{"start":{"line":146,"column":19},"end":{"line":146,"column":71}},"46":{"start":{"line":149,"column":20},"end":{"line":149,"column":54}},"47":{"start":{"line":152,"column":6},"end":{"line":156,"column":9}},"48":{"start":{"line":159,"column":6},"end":{"line":166,"column":9}},"49":{"start":{"line":169,"column":6},"end":{"line":173,"column":7}},"50":{"start":{"line":170,"column":8},"end":{"line":172,"column":12}},"51":{"start":{"line":176,"column":6},"end":{"line":176,"column":18}},"52":{"start":{"line":179,"column":4},"end":{"line":179,"column":41}},"53":{"start":{"line":180,"column":4},"end":{"line":182,"column":8}},"54":{"start":{"line":193,"column":2},"end":{"line":229,"column":3}},"55":{"start":{"line":195,"column":4},"end":{"line":199,"column":7}},"56":{"start":{"line":202,"column":4},"end":{"line":223,"column":5}},"57":{"start":{"line":204,"column":20},"end":{"line":204,"column":87}},"58":{"start":{"line":206,"column":6},"end":{"line":208,"column":7}},"59":{"start":{"line":207,"column":8},"end":{"line":207,"column":49}},"60":{"start":{"line":210,"column":6},"end":{"line":213,"column":9}},"61":{"start":{"line":217,"column":6},"end":{"line":217,"column":56}},"62":{"start":{"line":219,"column":6},"end":{"line":222,"column":9}},"63":{"start":{"line":225,"column":4},"end":{"line":225,"column":42}},"64":{"start":{"line":226,"column":4},"end":{"line":228,"column":8}},"65":{"start":{"line":232,"column":0},"end":{"line":238,"column":2}}},"fnMap":{"0":{"name":"isValidEmail","decl":{"start":{"line":10,"column":9},"end":{"line":10,"column":21}},"loc":{"start":{"line":10,"column":29},"end":{"line":13,"column":1}},"line":10},"1":{"name":"formatErrorResponse","decl":{"start":{"line":22,"column":9},"end":{"line":22,"column":28}},"loc":{"start":{"line":22,"column":59},"end":{"line":28,"column":1}},"line":22},"2":{"name":"register","decl":{"start":{"line":36,"column":15},"end":{"line":36,"column":23}},"loc":{"start":{"line":36,"column":34},"end":{"line":114,"column":1}},"line":36},"3":{"name":"login","decl":{"start":{"line":122,"column":15},"end":{"line":122,"column":20}},"loc":{"start":{"line":122,"column":31},"end":{"line":184,"column":1}},"line":122},"4":{"name":"logout","decl":{"start":{"line":192,"column":15},"end":{"line":192,"column":21}},"loc":{"start":{"line":192,"column":32},"end":{"line":230,"column":1}},"line":192}},"branchMap":{"0":{"loc":{"start":{"line":22,"column":46},"end":{"line":22,"column":57}},"type":"default-arg","locations":[{"start":{"line":22,"column":55},"end":{"line":22,"column":57}}],"line":22},"1":{"loc":{"start":{"line":42,"column":4},"end":{"line":46,"column":5}},"type":"if","locations":[{"start":{"line":42,"column":4},"end":{"line":46,"column":5}},{"start":{"line":44,"column":11},"end":{"line":46,"column":5}}],"line":42},"2":{"loc":{"start":{"line":44,"column":11},"end":{"line":46,"column":5}},"type":"if","locations":[{"start":{"line":44,"column":11},"end":{"line":46,"column":5}},{"start":{},"end":{}}],"line":44},"3":{"loc":{"start":{"line":49,"column":4},"end":{"line":51,"column":5}},"type":"if","locations":[{"start":{"line":49,"column":4},"end":{"line":51,"column":5}},{"start":{},"end":{}}],"line":49},"4":{"loc":{"start":{"line":54,"column":4},"end":{"line":62,"column":5}},"type":"if","locations":[{"start":{"line":54,"column":4},"end":{"line":62,"column":5}},{"start":{"line":56,"column":11},"end":{"line":62,"column":5}}],"line":54},"5":{"loc":{"start":{"line":59,"column":6},"end":{"line":61,"column":7}},"type":"if","locations":[{"start":{"line":59,"column":6},"end":{"line":61,"column":7}},{"start":{},"end":{}}],"line":59},"6":{"loc":{"start":{"line":65,"column":4},"end":{"line":67,"column":5}},"type":"if","locations":[{"start":{"line":65,"column":4},"end":{"line":67,"column":5}},{"start":{},"end":{}}],"line":65},"7":{"loc":{"start":{"line":70,"column":4},"end":{"line":72,"column":5}},"type":"if","locations":[{"start":{"line":70,"column":4},"end":{"line":72,"column":5}},{"start":{},"end":{}}],"line":70},"8":{"loc":{"start":{"line":99,"column":6},"end":{"line":103,"column":7}},"type":"if","locations":[{"start":{"line":99,"column":6},"end":{"line":103,"column":7}},{"start":{},"end":{}}],"line":99},"9":{"loc":{"start":{"line":128,"column":4},"end":{"line":132,"column":5}},"type":"if","locations":[{"start":{"line":128,"column":4},"end":{"line":132,"column":5}},{"start":{"line":130,"column":11},"end":{"line":132,"column":5}}],"line":128},"10":{"loc":{"start":{"line":130,"column":11},"end":{"line":132,"column":5}},"type":"if","locations":[{"start":{"line":130,"column":11},"end":{"line":132,"column":5}},{"start":{},"end":{}}],"line":130},"11":{"loc":{"start":{"line":135,"column":4},"end":{"line":137,"column":5}},"type":"if","locations":[{"start":{"line":135,"column":4},"end":{"line":137,"column":5}},{"start":{},"end":{}}],"line":135},"12":{"loc":{"start":{"line":140,"column":4},"end":{"line":142,"column":5}},"type":"if","locations":[{"start":{"line":140,"column":4},"end":{"line":142,"column":5}},{"start":{},"end":{}}],"line":140},"13":{"loc":{"start":{"line":169,"column":6},"end":{"line":173,"column":7}},"type":"if","locations":[{"start":{"line":169,"column":6},"end":{"line":173,"column":7}},{"start":{},"end":{}}],"line":169},"14":{"loc":{"start":{"line":204,"column":20},"end":{"line":204,"column":87}},"type":"binary-expr","locations":[{"start":{"line":204,"column":20},"end":{"line":204,"column":60}},{"start":{"line":204,"column":64},"end":{"line":204,"column":87}}],"line":204},"15":{"loc":{"start":{"line":206,"column":6},"end":{"line":208,"column":7}},"type":"if","locations":[{"start":{"line":206,"column":6},"end":{"line":208,"column":7}},{"start":{},"end":{}}],"line":206}},"s":{"0":2,"1":2,"2":28,"3":28,"4":20,"5":12,"6":12,"7":12,"8":12,"9":1,"10":11,"11":3,"12":12,"13":3,"14":12,"15":1,"16":11,"17":11,"18":3,"19":12,"20":4,"21":12,"22":8,"23":4,"24":4,"25":2,"26":2,"27":2,"28":2,"29":1,"30":1,"31":1,"32":1,"33":9,"34":9,"35":9,"36":9,"37":2,"38":7,"39":1,"40":9,"41":2,"42":9,"43":4,"44":5,"45":5,"46":2,"47":2,"48":2,"49":3,"50":2,"51":1,"52":1,"53":1,"54":8,"55":8,"56":7,"57":7,"58":7,"59":4,"60":6,"61":1,"62":1,"63":1,"64":1,"65":2},"f":{"0":28,"1":20,"2":12,"3":9,"4":8},"b":{"0":[1],"1":[1,11],"2":[3,8],"3":[3,9],"4":[1,11],"5":[3,8],"6":[4,8],"7":[8,4],"8":[1,1],"9":[2,7],"10":[1,6],"11":[2,7],"12":[4,5],"13":[2,1],"14":[7,4],"15":[4,3]},"_coverageSchema":"1a1c01bbd47fc00a2c39e90264f33305004495a9","hash":"e4a6c44de70059d80e69f39edb914c64ad0274c2"}
,"/home/taslihah/Turing Tasks/homehost/packages/server/services/auth.js": {"path":"/home/taslihah/Turing Tasks/homehost/packages/server/services/auth.js","statementMap":{"0":{"start":{"line":6,"column":15},"end":{"line":6,"column":32}},"1":{"start":{"line":7,"column":12},"end":{"line":7,"column":35}},"2":{"start":{"line":10,"column":20},"end":{"line":10,"column":22}},"3":{"start":{"line":13,"column":23},"end":{"line":13,"column":32}},"4":{"start":{"line":25,"column":2},"end":{"line":27,"column":3}},"5":{"start":{"line":26,"column":4},"end":{"line":26,"column":48}},"6":{"start":{"line":29,"column":2},"end":{"line":33,"column":3}},"7":{"start":{"line":30,"column":4},"end":{"line":30,"column":53}},"8":{"start":{"line":32,"column":4},"end":{"line":32,"column":65}},"9":{"start":{"line":46,"column":2},"end":{"line":48,"column":3}},"10":{"start":{"line":47,"column":4},"end":{"line":47,"column":17}},"11":{"start":{"line":50,"column":2},"end":{"line":56,"column":3}},"12":{"start":{"line":51,"column":4},"end":{"line":51,"column":49}},"13":{"start":{"line":54,"column":4},"end":{"line":54,"column":54}},"14":{"start":{"line":55,"column":4},"end":{"line":55,"column":17}},"15":{"start":{"line":67,"column":2},"end":{"line":72,"column":3}},"16":{"start":{"line":68,"column":4},"end":{"line":71,"column":6}},"17":{"start":{"line":75,"column":2},"end":{"line":80,"column":3}},"18":{"start":{"line":76,"column":4},"end":{"line":79,"column":6}},"19":{"start":{"line":83,"column":29},"end":{"line":83,"column":84}},"20":{"start":{"line":84,"column":2},"end":{"line":89,"column":3}},"21":{"start":{"line":85,"column":4},"end":{"line":88,"column":6}},"22":{"start":{"line":92,"column":2},"end":{"line":95,"column":4}},"23":{"start":{"line":107,"column":2},"end":{"line":109,"column":3}},"24":{"start":{"line":108,"column":4},"end":{"line":108,"column":66}},"25":{"start":{"line":111,"column":2},"end":{"line":119,"column":3}},"26":{"start":{"line":112,"column":4},"end":{"line":116,"column":6}},"27":{"start":{"line":118,"column":4},"end":{"line":118,"column":66}},"28":{"start":{"line":131,"column":2},"end":{"line":133,"column":3}},"29":{"start":{"line":132,"column":4},"end":{"line":132,"column":66}},"30":{"start":{"line":135,"column":2},"end":{"line":145,"column":3}},"31":{"start":{"line":136,"column":4},"end":{"line":136,"column":53}},"32":{"start":{"line":138,"column":4},"end":{"line":144,"column":5}},"33":{"start":{"line":139,"column":6},"end":{"line":139,"column":43}},"34":{"start":{"line":140,"column":11},"end":{"line":144,"column":5}},"35":{"start":{"line":141,"column":6},"end":{"line":141,"column":39}},"36":{"start":{"line":143,"column":6},"end":{"line":143,"column":69}},"37":{"start":{"line":156,"column":2},"end":{"line":158,"column":3}},"38":{"start":{"line":157,"column":4},"end":{"line":157,"column":44}},"39":{"start":{"line":160,"column":2},"end":{"line":172,"column":3}},"40":{"start":{"line":162,"column":20},"end":{"line":162,"column":38}},"41":{"start":{"line":165,"column":4},"end":{"line":165,"column":30}},"42":{"start":{"line":167,"column":4},"end":{"line":167,"column":16}},"43":{"start":{"line":170,"column":4},"end":{"line":170,"column":62}},"44":{"start":{"line":171,"column":4},"end":{"line":171,"column":17}},"45":{"start":{"line":182,"column":2},"end":{"line":185,"column":3}},"46":{"start":{"line":184,"column":4},"end":{"line":184,"column":16}},"47":{"start":{"line":187,"column":2},"end":{"line":187,"column":35}},"48":{"start":{"line":196,"column":2},"end":{"line":196,"column":25}},"49":{"start":{"line":199,"column":0},"end":{"line":208,"column":2}}},"fnMap":{"0":{"name":"hashPassword","decl":{"start":{"line":23,"column":15},"end":{"line":23,"column":27}},"loc":{"start":{"line":23,"column":39},"end":{"line":34,"column":1}},"line":23},"1":{"name":"verifyPassword","decl":{"start":{"line":44,"column":15},"end":{"line":44,"column":29}},"loc":{"start":{"line":44,"column":47},"end":{"line":57,"column":1}},"line":44},"2":{"name":"validatePasswordStrength","decl":{"start":{"line":65,"column":9},"end":{"line":65,"column":33}},"loc":{"start":{"line":65,"column":44},"end":{"line":96,"column":1}},"line":65},"3":{"name":"generateToken","decl":{"start":{"line":106,"column":9},"end":{"line":106,"column":22}},"loc":{"start":{"line":106,"column":46},"end":{"line":120,"column":1}},"line":106},"4":{"name":"verifyToken","decl":{"start":{"line":130,"column":9},"end":{"line":130,"column":20}},"loc":{"start":{"line":130,"column":28},"end":{"line":146,"column":1}},"line":130},"5":{"name":"invalidateToken","decl":{"start":{"line":155,"column":9},"end":{"line":155,"column":24}},"loc":{"start":{"line":155,"column":32},"end":{"line":173,"column":1}},"line":155},"6":{"name":"isTokenInvalid","decl":{"start":{"line":181,"column":9},"end":{"line":181,"column":23}},"loc":{"start":{"line":181,"column":31},"end":{"line":188,"column":1}},"line":181},"7":{"name":"clearTokenDenylist","decl":{"start":{"line":195,"column":9},"end":{"line":195,"column":27}},"loc":{"start":{"line":195,"column":30},"end":{"line":197,"column":1}},"line":195}},"branchMap":{"0":{"loc":{"start":{"line":25,"column":2},"end":{"line":27,"column":3}},"type":"if","locations":[{"start":{"line":25,"column":2},"end":{"line":27,"column":3}},{"start":{},"end":{}}],"line":25},"1":{"loc":{"start":{"line":46,"column":2},"end":{"line":48,"column":3}},"type":"if","locations":[{"start":{"line":46,"column":2},"end":{"line":48,"column":3}},{"start":{},"end":{}}],"line":46},"2":{"loc":{"start":{"line":46,"column":6},"end":{"line":46,"column":25}},"type":"binary-expr","locations":[{"start":{"line":46,"column":6},"end":{"line":46,"column":16}},{"start":{"line":46,"column":20},"end":{"line":46,"column":25}}],"line":46},"3":{"loc":{"start":{"line":67,"column":2},"end":{"line":72,"column":3}},"type":"if","locations":[{"start":{"line":67,"column":2},"end":{"line":72,"column":3}},{"start":{},"end":{}}],"line":67},"4":{"loc":{"start":{"line":75,"column":2},"end":{"line":80,"column":3}},"type":"if","locations":[{"start":{"line":75,"column":2},"end":{"line":80,"column":3}},{"start":{},"end":{}}],"line":75},"5":{"loc":{"start":{"line":84,"column":2},"end":{"line":89,"column":3}},"type":"if","locations":[{"start":{"line":84,"column":2},"end":{"line":89,"column":3}},{"start":{},"end":{}}],"line":84},"6":{"loc":{"start":{"line":106,"column":31},"end":{"line":106,"column":44}},"type":"default-arg","locations":[{"start":{"line":106,"column":40},"end":{"line":106,"column":44}}],"line":106},"7":{"loc":{"start":{"line":107,"column":2},"end":{"line":109,"column":3}},"type":"if","locations":[{"start":{"line":107,"column":2},"end":{"line":109,"column":3}},{"start":{},"end":{}}],"line":107},"8":{"loc":{"start":{"line":131,"column":2},"end":{"line":133,"column":3}},"type":"if","locations":[{"start":{"line":131,"column":2},"end":{"line":133,"column":3}},{"start":{},"end":{}}],"line":131},"9":{"loc":{"start":{"line":138,"column":4},"end":{"line":144,"column":5}},"type":"if","locations":[{"start":{"line":138,"column":4},"end":{"line":144,"column":5}},{"start":{"line":140,"column":11},"end":{"line":144,"column":5}}],"line":138},"10":{"loc":{"start":{"line":140,"column":11},"end":{"line":144,"column":5}},"type":"if","locations":[{"start":{"line":140,"column":11},"end":{"line":144,"column":5}},{"start":{"line":142,"column":11},"end":{"line":144,"column":5}}],"line":140},"11":{"loc":{"start":{"line":156,"column":2},"end":{"line":158,"column":3}},"type":"if","locations":[{"start":{"line":156,"column":2},"end":{"line":158,"column":3}},{"start":{},"end":{}}],"line":156},"12":{"loc":{"start":{"line":156,"column":6},"end":{"line":156,"column":41}},"type":"binary-expr","locations":[{"start":{"line":156,"column":6},"end":{"line":156,"column":12}},{"start":{"line":156,"column":16},"end":{"line":156,"column":41}}],"line":156},"13":{"loc":{"start":{"line":182,"column":2},"end":{"line":185,"column":3}},"type":"if","locations":[{"start":{"line":182,"column":2},"end":{"line":185,"column":3}},{"start":{},"end":{}}],"line":182},"14":{"loc":{"start":{"line":182,"column":6},"end":{"line":182,"column":41}},"type":"binary-expr","locations":[{"start":{"line":182,"column":6},"end":{"line":182,"column":12}},{"start":{"line":182,"column":16},"end":{"line":182,"column":41}}],"line":182}},"s":{"0":1,"1":1,"2":1,"3":1,"4":5,"5":3,"6":2,"7":2,"8":1,"9":6,"10":3,"11":3,"12":3,"13":1,"14":1,"15":10,"16":3,"17":7,"18":1,"19":6,"20":6,"21":1,"22":5,"23":16,"24":1,"25":15,"26":15,"27":1,"28":19,"29":1,"30":18,"31":18,"32":10,"33":2,"34":8,"35":4,"36":4,"37":12,"38":5,"39":7,"40":7,"41":5,"42":5,"43":2,"44":2,"45":12,"46":4,"47":8,"48":11,"49":1},"f":{"0":5,"1":6,"2":10,"3":16,"4":19,"5":12,"6":12,"7":11},"b":{"0":[3,2],"1":[3,3],"2":[6,4],"3":[3,7],"4":[1,6],"5":[1,5],"6":[15],"7":[1,15],"8":[1,18],"9":[2,8],"10":[4,4],"11":[5,7],"12":[12,10],"13":[4,8],"14":[12,10]},"_coverageSchema":"1a1c01bbd47fc00a2c39e90264f33305004495a9","hash":"88f66bf901b6af193b778be76ef473980756a335"}
,"/home/taslihah/Turing Tasks/homehost/packages/server/services/user.js": {"path":"/home/taslihah/Turing Tasks/homehost/packages/server/services/user.js","statementMap":{"0":{"start":{"line":2,"column":25},"end":{"line":2,"column":50}},"1":{"start":{"line":3,"column":51},"end":{"line":3,"column":68}},"2":{"start":{"line":5,"column":15},"end":{"line":5,"column":33}},"3":{"start":{"line":13,"column":2},"end":{"line":30,"column":3}},"4":{"start":{"line":14,"column":17},"end":{"line":18,"column":6}},"5":{"start":{"line":20,"column":4},"end":{"line":22,"column":5}},"6":{"start":{"line":21,"column":6},"end":{"line":21,"column":18}},"7":{"start":{"line":25,"column":49},"end":{"line":25,"column":53}},"8":{"start":{"line":26,"column":4},"end":{"line":26,"column":31}},"9":{"start":{"line":28,"column":4},"end":{"line":28,"column":55}},"10":{"start":{"line":29,"column":4},"end":{"line":29,"column":44}},"11":{"start":{"line":39,"column":2},"end":{"line":62,"column":3}},"12":{"start":{"line":41,"column":28},"end":{"line":41,"column":47}},"13":{"start":{"line":43,"column":17},"end":{"line":50,"column":6}},"14":{"start":{"line":52,"column":4},"end":{"line":54,"column":5}},"15":{"start":{"line":53,"column":6},"end":{"line":53,"column":18}},"16":{"start":{"line":57,"column":49},"end":{"line":57,"column":53}},"17":{"start":{"line":58,"column":4},"end":{"line":58,"column":31}},"18":{"start":{"line":60,"column":4},"end":{"line":60,"column":58}},"19":{"start":{"line":61,"column":4},"end":{"line":61,"column":53}},"20":{"start":{"line":74,"column":2},"end":{"line":122,"column":3}},"21":{"start":{"line":76,"column":31},"end":{"line":76,"column":65}},"22":{"start":{"line":77,"column":4},"end":{"line":79,"column":5}},"23":{"start":{"line":78,"column":6},"end":{"line":78,"column":50}},"24":{"start":{"line":82,"column":28},"end":{"line":82,"column":47}},"25":{"start":{"line":85,"column":25},"end":{"line":92,"column":6}},"26":{"start":{"line":94,"column":4},"end":{"line":96,"column":5}},"27":{"start":{"line":95,"column":6},"end":{"line":95,"column":46}},"28":{"start":{"line":99,"column":27},"end":{"line":99,"column":55}},"29":{"start":{"line":102,"column":20},"end":{"line":108,"column":6}},"30":{"start":{"line":111,"column":52},"end":{"line":111,"column":59}},"31":{"start":{"line":112,"column":4},"end":{"line":112,"column":31}},"32":{"start":{"line":115,"column":4},"end":{"line":118,"column":5}},"33":{"start":{"line":117,"column":6},"end":{"line":117,"column":18}},"34":{"start":{"line":120,"column":4},"end":{"line":120,"column":49}},"35":{"start":{"line":121,"column":4},"end":{"line":121,"column":45}},"36":{"start":{"line":125,"column":0},"end":{"line":129,"column":2}}},"fnMap":{"0":{"name":"getUserById","decl":{"start":{"line":12,"column":15},"end":{"line":12,"column":26}},"loc":{"start":{"line":12,"column":31},"end":{"line":31,"column":1}},"line":12},"1":{"name":"getUserByEmail","decl":{"start":{"line":38,"column":15},"end":{"line":38,"column":29}},"loc":{"start":{"line":38,"column":37},"end":{"line":63,"column":1}},"line":38},"2":{"name":"createUser","decl":{"start":{"line":73,"column":15},"end":{"line":73,"column":25}},"loc":{"start":{"line":73,"column":53},"end":{"line":123,"column":1}},"line":73}},"branchMap":{"0":{"loc":{"start":{"line":20,"column":4},"end":{"line":22,"column":5}},"type":"if","locations":[{"start":{"line":20,"column":4},"end":{"line":22,"column":5}},{"start":{},"end":{}}],"line":20},"1":{"loc":{"start":{"line":52,"column":4},"end":{"line":54,"column":5}},"type":"if","locations":[{"start":{"line":52,"column":4},"end":{"line":54,"column":5}},{"start":{},"end":{}}],"line":52},"2":{"loc":{"start":{"line":77,"column":4},"end":{"line":79,"column":5}},"type":"if","locations":[{"start":{"line":77,"column":4},"end":{"line":79,"column":5}},{"start":{},"end":{}}],"line":77},"3":{"loc":{"start":{"line":94,"column":4},"end":{"line":96,"column":5}},"type":"if","locations":[{"start":{"line":94,"column":4},"end":{"line":96,"column":5}},{"start":{},"end":{}}],"line":94},"4":{"loc":{"start":{"line":115,"column":4},"end":{"line":118,"column":5}},"type":"if","locations":[{"start":{"line":115,"column":4},"end":{"line":118,"column":5}},{"start":{},"end":{}}],"line":115},"5":{"loc":{"start":{"line":115,"column":8},"end":{"line":116,"column":42}},"type":"binary-expr","locations":[{"start":{"line":115,"column":8},"end":{"line":115,"column":48}},{"start":{"line":116,"column":8},"end":{"line":116,"column":42}}],"line":115}},"s":{"0":1,"1":1,"2":1,"3":4,"4":4,"5":3,"6":2,"7":1,"8":1,"9":1,"10":1,"11":4,"12":4,"13":4,"14":3,"15":2,"16":1,"17":1,"18":1,"19":1,"20":5,"21":5,"22":5,"23":1,"24":4,"25":4,"26":4,"27":1,"28":3,"29":3,"30":2,"31":2,"32":3,"33":2,"34":1,"35":1,"36":1},"f":{"0":4,"1":4,"2":5},"b":{"0":[2,1],"1":[2,1],"2":[1,4],"3":[1,3],"4":[2,1],"5":[3,2]},"_coverageSchema":"1a1c01bbd47fc00a2c39e90264f33305004495a9","hash":"6439b7782980635f14cb1ddf71a8d6df698f6104"}
}
