{"/home/taslihah/Turing Tasks/homehost/packages/server/controller/authController.js": {"path":"/home/taslihah/Turing Tasks/homehost/packages/server/controller/authController.js","statementMap":{"0":{"start":{"line":2,"column":20},"end":{"line":2,"column":47}},"1":{"start":{"line":3,"column":20},"end":{"line":3,"column":47}},"2":{"start":{"line":11,"column":21},"end":{"line":11,"column":49}},"3":{"start":{"line":12,"column":2},"end":{"line":12,"column":32}},"4":{"start":{"line":23,"column":2},"end":{"line":27,"column":4}},"5":{"start":{"line":38,"column":2},"end":{"line":77,"column":3}},"6":{"start":{"line":39,"column":18},"end":{"line":39,"column":41}},"7":{"start":{"line":41,"column":4},"end":{"line":45,"column":5}},"8":{"start":{"line":42,"column":6},"end":{"line":44,"column":10}},"9":{"start":{"line":47,"column":20},"end":{"line":53,"column":6}},"10":{"start":{"line":49,"column":6},"end":{"line":52,"column":8}},"11":{"start":{"line":55,"column":17},"end":{"line":55,"column":62}},"12":{"start":{"line":57,"column":4},"end":{"line":61,"column":5}},"13":{"start":{"line":58,"column":6},"end":{"line":60,"column":10}},"14":{"start":{"line":63,"column":4},"end":{"line":63,"column":20}},"15":{"start":{"line":64,"column":4},"end":{"line":64,"column":11}},"16":{"start":{"line":66,"column":4},"end":{"line":66,"column":61}},"17":{"start":{"line":68,"column":4},"end":{"line":72,"column":5}},"18":{"start":{"line":69,"column":6},"end":{"line":71,"column":10}},"19":{"start":{"line":74,"column":4},"end":{"line":76,"column":8}},"20":{"start":{"line":87,"column":2},"end":{"line":122,"column":3}},"21":{"start":{"line":88,"column":4},"end":{"line":90,"column":5}},"22":{"start":{"line":89,"column":6},"end":{"line":89,"column":51}},"23":{"start":{"line":92,"column":58},"end":{"line":92,"column":66}},"24":{"start":{"line":93,"column":25},"end":{"line":101,"column":5}},"25":{"start":{"line":107,"column":4},"end":{"line":107,"column":39}},"26":{"start":{"line":110,"column":4},"end":{"line":110,"column":47}},"27":{"start":{"line":113,"column":4},"end":{"line":116,"column":5}},"28":{"start":{"line":115,"column":6},"end":{"line":115,"column":18}},"29":{"start":{"line":119,"column":4},"end":{"line":121,"column":8}},"30":{"start":{"line":132,"column":2},"end":{"line":208,"column":3}},"31":{"start":{"line":133,"column":59},"end":{"line":133,"column":67}},"32":{"start":{"line":134,"column":19},"end":{"line":134,"column":21}},"33":{"start":{"line":137,"column":4},"end":{"line":141,"column":5}},"34":{"start":{"line":138,"column":6},"end":{"line":138,"column":68}},"35":{"start":{"line":139,"column":11},"end":{"line":141,"column":5}},"36":{"start":{"line":140,"column":6},"end":{"line":140,"column":71}},"37":{"start":{"line":144,"column":4},"end":{"line":146,"column":5}},"38":{"start":{"line":145,"column":6},"end":{"line":145,"column":74}},"39":{"start":{"line":149,"column":4},"end":{"line":157,"column":5}},"40":{"start":{"line":150,"column":6},"end":{"line":150,"column":74}},"41":{"start":{"line":153,"column":33},"end":{"line":153,"column":79}},"42":{"start":{"line":154,"column":6},"end":{"line":156,"column":7}},"43":{"start":{"line":155,"column":8},"end":{"line":155,"column":80}},"44":{"start":{"line":160,"column":4},"end":{"line":162,"column":5}},"45":{"start":{"line":161,"column":6},"end":{"line":161,"column":83}},"46":{"start":{"line":165,"column":4},"end":{"line":167,"column":5}},"47":{"start":{"line":166,"column":6},"end":{"line":166,"column":89}},"48":{"start":{"line":170,"column":4},"end":{"line":202,"column":5}},"49":{"start":{"line":171,"column":19},"end":{"line":171,"column":74}},"50":{"start":{"line":174,"column":20},"end":{"line":174,"column":54}},"51":{"start":{"line":177,"column":6},"end":{"line":181,"column":9}},"52":{"start":{"line":184,"column":6},"end":{"line":191,"column":9}},"53":{"start":{"line":194,"column":6},"end":{"line":198,"column":7}},"54":{"start":{"line":195,"column":8},"end":{"line":197,"column":12}},"55":{"start":{"line":201,"column":6},"end":{"line":201,"column":18}},"56":{"start":{"line":204,"column":4},"end":{"line":204,"column":48}},"57":{"start":{"line":205,"column":4},"end":{"line":207,"column":8}},"58":{"start":{"line":218,"column":2},"end":{"line":278,"column":3}},"59":{"start":{"line":219,"column":32},"end":{"line":219,"column":40}},"60":{"start":{"line":220,"column":19},"end":{"line":220,"column":21}},"61":{"start":{"line":223,"column":4},"end":{"line":227,"column":5}},"62":{"start":{"line":224,"column":6},"end":{"line":224,"column":68}},"63":{"start":{"line":225,"column":11},"end":{"line":227,"column":5}},"64":{"start":{"line":226,"column":6},"end":{"line":226,"column":71}},"65":{"start":{"line":230,"column":4},"end":{"line":232,"column":5}},"66":{"start":{"line":231,"column":6},"end":{"line":231,"column":74}},"67":{"start":{"line":235,"column":4},"end":{"line":237,"column":5}},"68":{"start":{"line":236,"column":6},"end":{"line":236,"column":89}},"69":{"start":{"line":239,"column":4},"end":{"line":272,"column":5}},"70":{"start":{"line":241,"column":19},"end":{"line":241,"column":71}},"71":{"start":{"line":244,"column":20},"end":{"line":244,"column":54}},"72":{"start":{"line":247,"column":6},"end":{"line":251,"column":9}},"73":{"start":{"line":254,"column":6},"end":{"line":261,"column":9}},"74":{"start":{"line":264,"column":6},"end":{"line":268,"column":7}},"75":{"start":{"line":265,"column":8},"end":{"line":267,"column":12}},"76":{"start":{"line":271,"column":6},"end":{"line":271,"column":18}},"77":{"start":{"line":274,"column":4},"end":{"line":274,"column":41}},"78":{"start":{"line":275,"column":4},"end":{"line":277,"column":8}},"79":{"start":{"line":288,"column":2},"end":{"line":324,"column":3}},"80":{"start":{"line":290,"column":4},"end":{"line":294,"column":7}},"81":{"start":{"line":297,"column":4},"end":{"line":318,"column":5}},"82":{"start":{"line":299,"column":20},"end":{"line":299,"column":87}},"83":{"start":{"line":301,"column":6},"end":{"line":303,"column":7}},"84":{"start":{"line":302,"column":8},"end":{"line":302,"column":49}},"85":{"start":{"line":305,"column":6},"end":{"line":308,"column":9}},"86":{"start":{"line":312,"column":6},"end":{"line":312,"column":56}},"87":{"start":{"line":314,"column":6},"end":{"line":317,"column":9}},"88":{"start":{"line":320,"column":4},"end":{"line":320,"column":42}},"89":{"start":{"line":321,"column":4},"end":{"line":323,"column":8}},"90":{"start":{"line":327,"column":0},"end":{"line":335,"column":2}}},"fnMap":{"0":{"name":"isValidEmail","decl":{"start":{"line":10,"column":9},"end":{"line":10,"column":21}},"loc":{"start":{"line":10,"column":29},"end":{"line":13,"column":1}},"line":10},"1":{"name":"formatErrorResponse","decl":{"start":{"line":22,"column":9},"end":{"line":22,"column":28}},"loc":{"start":{"line":22,"column":59},"end":{"line":28,"column":1}},"line":22},"2":{"name":"authenticate","decl":{"start":{"line":37,"column":15},"end":{"line":37,"column":27}},"loc":{"start":{"line":37,"column":44},"end":{"line":78,"column":1}},"line":37},"3":{"name":"(anonymous_3)","decl":{"start":{"line":47,"column":63},"end":{"line":47,"column":64}},"loc":{"start":{"line":47,"column":72},"end":{"line":53,"column":5}},"line":47},"4":{"name":"getProfile","decl":{"start":{"line":86,"column":15},"end":{"line":86,"column":25}},"loc":{"start":{"line":86,"column":36},"end":{"line":123,"column":1}},"line":86},"5":{"name":"register","decl":{"start":{"line":131,"column":15},"end":{"line":131,"column":23}},"loc":{"start":{"line":131,"column":34},"end":{"line":209,"column":1}},"line":131},"6":{"name":"login","decl":{"start":{"line":217,"column":15},"end":{"line":217,"column":20}},"loc":{"start":{"line":217,"column":31},"end":{"line":279,"column":1}},"line":217},"7":{"name":"logout","decl":{"start":{"line":287,"column":15},"end":{"line":287,"column":21}},"loc":{"start":{"line":287,"column":32},"end":{"line":325,"column":1}},"line":287}},"branchMap":{"0":{"loc":{"start":{"line":22,"column":46},"end":{"line":22,"column":57}},"type":"default-arg","locations":[{"start":{"line":22,"column":55},"end":{"line":22,"column":57}}],"line":22},"1":{"loc":{"start":{"line":41,"column":4},"end":{"line":45,"column":5}},"type":"if","locations":[{"start":{"line":41,"column":4},"end":{"line":45,"column":5}},{"start":{},"end":{}}],"line":41},"2":{"loc":{"start":{"line":57,"column":4},"end":{"line":61,"column":5}},"type":"if","locations":[{"start":{"line":57,"column":4},"end":{"line":61,"column":5}},{"start":{},"end":{}}],"line":57},"3":{"loc":{"start":{"line":68,"column":4},"end":{"line":72,"column":5}},"type":"if","locations":[{"start":{"line":68,"column":4},"end":{"line":72,"column":5}},{"start":{},"end":{}}],"line":68},"4":{"loc":{"start":{"line":68,"column":8},"end":{"line":68,"column":102}},"type":"binary-expr","locations":[{"start":{"line":68,"column":8},"end":{"line":68,"column":26}},{"start":{"line":68,"column":30},"end":{"line":68,"column":64}},{"start":{"line":68,"column":68},"end":{"line":68,"column":102}}],"line":68},"5":{"loc":{"start":{"line":88,"column":4},"end":{"line":90,"column":5}},"type":"if","locations":[{"start":{"line":88,"column":4},"end":{"line":90,"column":5}},{"start":{},"end":{}}],"line":88},"6":{"loc":{"start":{"line":113,"column":4},"end":{"line":116,"column":5}},"type":"if","locations":[{"start":{"line":113,"column":4},"end":{"line":116,"column":5}},{"start":{},"end":{}}],"line":113},"7":{"loc":{"start":{"line":137,"column":4},"end":{"line":141,"column":5}},"type":"if","locations":[{"start":{"line":137,"column":4},"end":{"line":141,"column":5}},{"start":{"line":139,"column":11},"end":{"line":141,"column":5}}],"line":137},"8":{"loc":{"start":{"line":139,"column":11},"end":{"line":141,"column":5}},"type":"if","locations":[{"start":{"line":139,"column":11},"end":{"line":141,"column":5}},{"start":{},"end":{}}],"line":139},"9":{"loc":{"start":{"line":144,"column":4},"end":{"line":146,"column":5}},"type":"if","locations":[{"start":{"line":144,"column":4},"end":{"line":146,"column":5}},{"start":{},"end":{}}],"line":144},"10":{"loc":{"start":{"line":149,"column":4},"end":{"line":157,"column":5}},"type":"if","locations":[{"start":{"line":149,"column":4},"end":{"line":157,"column":5}},{"start":{"line":151,"column":11},"end":{"line":157,"column":5}}],"line":149},"11":{"loc":{"start":{"line":154,"column":6},"end":{"line":156,"column":7}},"type":"if","locations":[{"start":{"line":154,"column":6},"end":{"line":156,"column":7}},{"start":{},"end":{}}],"line":154},"12":{"loc":{"start":{"line":160,"column":4},"end":{"line":162,"column":5}},"type":"if","locations":[{"start":{"line":160,"column":4},"end":{"line":162,"column":5}},{"start":{},"end":{}}],"line":160},"13":{"loc":{"start":{"line":165,"column":4},"end":{"line":167,"column":5}},"type":"if","locations":[{"start":{"line":165,"column":4},"end":{"line":167,"column":5}},{"start":{},"end":{}}],"line":165},"14":{"loc":{"start":{"line":194,"column":6},"end":{"line":198,"column":7}},"type":"if","locations":[{"start":{"line":194,"column":6},"end":{"line":198,"column":7}},{"start":{},"end":{}}],"line":194},"15":{"loc":{"start":{"line":223,"column":4},"end":{"line":227,"column":5}},"type":"if","locations":[{"start":{"line":223,"column":4},"end":{"line":227,"column":5}},{"start":{"line":225,"column":11},"end":{"line":227,"column":5}}],"line":223},"16":{"loc":{"start":{"line":225,"column":11},"end":{"line":227,"column":5}},"type":"if","locations":[{"start":{"line":225,"column":11},"end":{"line":227,"column":5}},{"start":{},"end":{}}],"line":225},"17":{"loc":{"start":{"line":230,"column":4},"end":{"line":232,"column":5}},"type":"if","locations":[{"start":{"line":230,"column":4},"end":{"line":232,"column":5}},{"start":{},"end":{}}],"line":230},"18":{"loc":{"start":{"line":235,"column":4},"end":{"line":237,"column":5}},"type":"if","locations":[{"start":{"line":235,"column":4},"end":{"line":237,"column":5}},{"start":{},"end":{}}],"line":235},"19":{"loc":{"start":{"line":264,"column":6},"end":{"line":268,"column":7}},"type":"if","locations":[{"start":{"line":264,"column":6},"end":{"line":268,"column":7}},{"start":{},"end":{}}],"line":264},"20":{"loc":{"start":{"line":299,"column":20},"end":{"line":299,"column":87}},"type":"binary-expr","locations":[{"start":{"line":299,"column":20},"end":{"line":299,"column":60}},{"start":{"line":299,"column":64},"end":{"line":299,"column":87}}],"line":299},"21":{"loc":{"start":{"line":301,"column":6},"end":{"line":303,"column":7}},"type":"if","locations":[{"start":{"line":301,"column":6},"end":{"line":303,"column":7}},{"start":{},"end":{}}],"line":301}},"s":{"0":1,"1":1,"2":4,"3":4,"4":5,"5":4,"6":4,"7":4,"8":1,"9":3,"10":1,"11":2,"12":2,"13":1,"14":1,"15":1,"16":1,"17":1,"18":1,"19":0,"20":1,"21":1,"22":0,"23":1,"24":1,"25":1,"26":0,"27":0,"28":0,"29":0,"30":2,"31":2,"32":2,"33":2,"34":0,"35":2,"36":1,"37":2,"38":1,"39":2,"40":0,"41":2,"42":2,"43":1,"44":2,"45":1,"46":2,"47":1,"48":1,"49":1,"50":1,"51":1,"52":1,"53":0,"54":0,"55":0,"56":0,"57":0,"58":2,"59":2,"60":2,"61":2,"62":0,"63":2,"64":0,"65":2,"66":0,"67":2,"68":0,"69":2,"70":2,"71":1,"72":1,"73":1,"74":1,"75":1,"76":0,"77":0,"78":0,"79":2,"80":2,"81":2,"82":2,"83":2,"84":1,"85":2,"86":0,"87":0,"88":0,"89":0,"90":1},"f":{"0":4,"1":5,"2":4,"3":1,"4":1,"5":2,"6":2,"7":2},"b":{"0":[0],"1":[1,3],"2":[1,1],"3":[1,0],"4":[1,0,0],"5":[0,1],"6":[0,0],"7":[0,2],"8":[1,1],"9":[1,1],"10":[0,2],"11":[1,1],"12":[1,1],"13":[1,1],"14":[0,0],"15":[0,2],"16":[0,2],"17":[0,2],"18":[0,2],"19":[1,0],"20":[2,1],"21":[1,1]},"_coverageSchema":"1a1c01bbd47fc00a2c39e90264f33305004495a9","hash":"4e48403cd55fe45725b6521ab35656dd33053010"}
}
