TN:
SF:controller/authController.js
FN:10,isValidEmail
FN:22,formatErrorResponse
FN:37,authenticate
FN:47,(anonymous_3)
FN:86,getProfile
FN:131,register
FN:217,login
FN:287,logout
FNF:8
FNH:8
FNDA:4,isValidEmail
FNDA:5,formatErrorResponse
FNDA:4,authenticate
FNDA:1,(anonymous_3)
FNDA:1,getProfile
FNDA:2,register
FNDA:2,login
FNDA:2,logout
DA:2,1
DA:3,1
DA:11,4
DA:12,4
DA:23,5
DA:38,4
DA:39,4
DA:41,4
DA:42,1
DA:47,3
DA:49,1
DA:55,2
DA:57,2
DA:58,1
DA:63,1
DA:64,1
DA:66,1
DA:68,1
DA:69,1
DA:74,0
DA:87,1
DA:88,1
DA:89,0
DA:92,1
DA:93,1
DA:107,1
DA:110,0
DA:113,0
DA:115,0
DA:119,0
DA:132,2
DA:133,2
DA:134,2
DA:137,2
DA:138,0
DA:139,2
DA:140,1
DA:144,2
DA:145,1
DA:149,2
DA:150,0
DA:153,2
DA:154,2
DA:155,1
DA:160,2
DA:161,1
DA:165,2
DA:166,1
DA:170,1
DA:171,1
DA:174,1
DA:177,1
DA:184,1
DA:194,0
DA:195,0
DA:201,0
DA:204,0
DA:205,0
DA:218,2
DA:219,2
DA:220,2
DA:223,2
DA:224,0
DA:225,2
DA:226,0
DA:230,2
DA:231,0
DA:235,2
DA:236,0
DA:239,2
DA:241,2
DA:244,1
DA:247,1
DA:254,1
DA:264,1
DA:265,1
DA:271,0
DA:274,0
DA:275,0
DA:288,2
DA:290,2
DA:297,2
DA:299,2
DA:301,2
DA:302,1
DA:305,2
DA:312,0
DA:314,0
DA:320,0
DA:321,0
DA:327,1
LF:91
LH:67
BRDA:22,0,0,0
BRDA:41,1,0,1
BRDA:41,1,1,3
BRDA:57,2,0,1
BRDA:57,2,1,1
BRDA:68,3,0,1
BRDA:68,3,1,0
BRDA:68,4,0,1
BRDA:68,4,1,0
BRDA:68,4,2,0
BRDA:88,5,0,0
BRDA:88,5,1,1
BRDA:113,6,0,0
BRDA:113,6,1,0
BRDA:137,7,0,0
BRDA:137,7,1,2
BRDA:139,8,0,1
BRDA:139,8,1,1
BRDA:144,9,0,1
BRDA:144,9,1,1
BRDA:149,10,0,0
BRDA:149,10,1,2
BRDA:154,11,0,1
BRDA:154,11,1,1
BRDA:160,12,0,1
BRDA:160,12,1,1
BRDA:165,13,0,1
BRDA:165,13,1,1
BRDA:194,14,0,0
BRDA:194,14,1,0
BRDA:223,15,0,0
BRDA:223,15,1,2
BRDA:225,16,0,0
BRDA:225,16,1,2
BRDA:230,17,0,0
BRDA:230,17,1,2
BRDA:235,18,0,0
BRDA:235,18,1,2
BRDA:264,19,0,1
BRDA:264,19,1,0
BRDA:299,20,0,2
BRDA:299,20,1,1
BRDA:301,21,0,1
BRDA:301,21,1,1
BRF:44
BRH:28
end_of_record
