TN:
SF:controller/authController.js
FN:10,isValidEmail
FN:21,register
FNF:2
FNH:2
FNDA:19,isValidEmail
FNDA:10,register
DA:2,1
DA:3,1
DA:11,19
DA:12,19
DA:22,10
DA:23,10
DA:24,10
DA:27,10
DA:28,1
DA:29,9
DA:30,2
DA:34,10
DA:35,2
DA:39,10
DA:40,1
DA:43,9
DA:44,9
DA:45,2
DA:50,10
DA:51,3
DA:55,10
DA:56,7
DA:60,3
DA:61,3
DA:64,1
DA:67,1
DA:77,2
DA:78,1
DA:84,1
DA:87,1
DA:88,1
DA:94,1
LF:32
LH:32
BRDA:27,0,0,1
BRDA:27,0,1,9
BRDA:29,1,0,2
BRDA:29,1,1,7
BRDA:34,2,0,2
BRDA:34,2,1,8
BRDA:39,3,0,1
BRDA:39,3,1,9
BRDA:44,4,0,2
BRDA:44,4,1,7
BRDA:50,5,0,3
BRDA:50,5,1,7
BRDA:55,6,0,7
BRDA:55,6,1,3
BRDA:77,7,0,1
BRDA:77,7,1,1
BRF:16
BRH:16
end_of_record
TN:
SF:services/auth.js
FN:23,hashPassword
FN:44,verifyPassword
FN:65,validatePasswordStrength
FN:106,generateToken
FN:130,verifyToken
FN:155,invalidateToken
FN:181,isTokenInvalid
FN:195,clearTokenDenylist
FNF:8
FNH:0
FNDA:0,hashPassword
FNDA:0,verifyPassword
FNDA:0,validatePasswordStrength
FNDA:0,generateToken
FNDA:0,verifyToken
FNDA:0,invalidateToken
FNDA:0,isTokenInvalid
FNDA:0,clearTokenDenylist
DA:6,1
DA:7,1
DA:10,1
DA:13,1
DA:25,0
DA:26,0
DA:29,0
DA:30,0
DA:32,0
DA:46,0
DA:47,0
DA:50,0
DA:51,0
DA:54,0
DA:55,0
DA:67,0
DA:68,0
DA:75,0
DA:76,0
DA:83,0
DA:84,0
DA:85,0
DA:92,0
DA:107,0
DA:108,0
DA:111,0
DA:112,0
DA:118,0
DA:131,0
DA:132,0
DA:135,0
DA:136,0
DA:138,0
DA:139,0
DA:140,0
DA:141,0
DA:143,0
DA:156,0
DA:157,0
DA:160,0
DA:162,0
DA:165,0
DA:167,0
DA:170,0
DA:171,0
DA:182,0
DA:184,0
DA:187,0
DA:196,0
DA:199,1
LF:50
LH:5
BRDA:25,0,0,0
BRDA:25,0,1,0
BRDA:46,1,0,0
BRDA:46,1,1,0
BRDA:46,2,0,0
BRDA:46,2,1,0
BRDA:67,3,0,0
BRDA:67,3,1,0
BRDA:75,4,0,0
BRDA:75,4,1,0
BRDA:84,5,0,0
BRDA:84,5,1,0
BRDA:106,6,0,0
BRDA:107,7,0,0
BRDA:107,7,1,0
BRDA:131,8,0,0
BRDA:131,8,1,0
BRDA:138,9,0,0
BRDA:138,9,1,0
BRDA:140,10,0,0
BRDA:140,10,1,0
BRDA:156,11,0,0
BRDA:156,11,1,0
BRDA:156,12,0,0
BRDA:156,12,1,0
BRDA:182,13,0,0
BRDA:182,13,1,0
BRDA:182,14,0,0
BRDA:182,14,1,0
BRF:29
BRH:0
end_of_record
TN:
SF:services/user.js
FN:12,getUserById
FN:38,getUserByEmail
FN:73,createUser
FNF:3
FNH:0
FNDA:0,getUserById
FNDA:0,getUserByEmail
FNDA:0,createUser
DA:2,1
DA:3,1
DA:5,1
DA:13,0
DA:14,0
DA:20,0
DA:21,0
DA:25,0
DA:26,0
DA:28,0
DA:29,0
DA:39,0
DA:41,0
DA:43,0
DA:52,0
DA:53,0
DA:57,0
DA:58,0
DA:60,0
DA:61,0
DA:74,0
DA:76,0
DA:77,0
DA:78,0
DA:82,0
DA:85,0
DA:94,0
DA:95,0
DA:99,0
DA:102,0
DA:111,0
DA:112,0
DA:115,0
DA:117,0
DA:120,0
DA:121,0
DA:125,1
LF:37
LH:4
BRDA:20,0,0,0
BRDA:20,0,1,0
BRDA:52,1,0,0
BRDA:52,1,1,0
BRDA:77,2,0,0
BRDA:77,2,1,0
BRDA:94,3,0,0
BRDA:94,3,1,0
BRDA:115,4,0,0
BRDA:115,4,1,0
BRDA:115,5,0,0
BRDA:115,5,1,0
BRF:12
BRH:0
end_of_record
