<?xml version="1.0" encoding="UTF-8"?>
<coverage generated="1747239787212" clover="3.2.0">
  <project timestamp="1747239787212" name="All files">
    <metrics statements="34" coveredstatements="31" conditionals="14" coveredconditionals="11" methods="6" coveredmethods="5" elements="54" coveredelements="47" complexity="0" loc="34" ncloc="34" packages="1" files="1" classes="1"/>
    <file name="Profile.jsx" path="/home/taslihah/Turing Tasks/homehost/packages/client/components/Auth/Profile.jsx">
      <metrics statements="34" coveredstatements="31" conditionals="14" coveredconditionals="11" methods="6" coveredmethods="5"/>
      <line num="12" count="1" type="stmt"/>
      <line num="13" count="12" type="stmt"/>
      <line num="14" count="12" type="stmt"/>
      <line num="15" count="12" type="stmt"/>
      <line num="16" count="12" type="stmt"/>
      <line num="18" count="12" type="stmt"/>
      <line num="22" count="6" type="stmt"/>
      <line num="23" count="6" type="stmt"/>
      <line num="24" count="6" type="stmt"/>
      <line num="26" count="3" type="cond" truecount="1" falsecount="1"/>
      <line num="27" count="3" type="stmt"/>
      <line num="30" count="2" type="cond" truecount="2" falsecount="0"/>
      <line num="32" count="1" type="stmt"/>
      <line num="34" count="1" type="stmt"/>
      <line num="37" count="5" type="stmt"/>
      <line num="41" count="6" type="stmt"/>
      <line num="47" count="12" type="stmt"/>
      <line num="48" count="1" type="stmt"/>
      <line num="49" count="1" type="stmt"/>
      <line num="50" count="1" type="stmt"/>
      <line num="52" count="1" type="cond" truecount="1" falsecount="1"/>
      <line num="53" count="1" type="cond" truecount="1" falsecount="1"/>
      <line num="54" count="1" type="stmt"/>
      <line num="56" count="1" type="stmt"/>
      <line num="59" count="0" type="stmt"/>
      <line num="60" count="0" type="stmt"/>
      <line num="65" count="12" type="cond" truecount="2" falsecount="0"/>
      <line num="66" count="7" type="stmt"/>
      <line num="84" count="5" type="cond" truecount="2" falsecount="0"/>
      <line num="85" count="1" type="stmt"/>
      <line num="92" count="0" type="stmt"/>
      <line num="102" count="4" type="stmt"/>
      <line num="126" count="1" type="stmt"/>
      <line num="146" count="1" type="stmt"/>
    </file>
  </project>
</coverage>
