<?xml version="1.0" encoding="UTF-8"?>
<coverage generated="1747238753421" clover="3.2.0">
  <project timestamp="1747238753421" name="All files">
    <metrics statements="81" coveredstatements="78" conditionals="78" coveredconditionals="72" methods="19" coveredmethods="18" elements="178" coveredelements="168" complexity="0" loc="81" ncloc="81" packages="1" files="1" classes="1"/>
    <file name="Register.jsx" path="/home/taslihah/Turing Tasks/homehost/packages/client/components/Auth/Register.jsx">
      <metrics statements="81" coveredstatements="78" conditionals="78" coveredconditionals="72" methods="19" coveredmethods="18"/>
      <line num="13" count="1" type="stmt"/>
      <line num="14" count="360" type="stmt"/>
      <line num="15" count="360" type="stmt"/>
      <line num="16" count="360" type="stmt"/>
      <line num="17" count="360" type="stmt"/>
      <line num="18" count="360" type="stmt"/>
      <line num="19" count="360" type="stmt"/>
      <line num="20" count="360" type="stmt"/>
      <line num="21" count="360" type="stmt"/>
      <line num="27" count="360" type="stmt"/>
      <line num="28" count="6" type="stmt"/>
      <line num="29" count="6" type="stmt"/>
      <line num="31" count="6" type="cond" truecount="2" falsecount="0"/>
      <line num="32" count="2" type="stmt"/>
      <line num="35" count="6" type="cond" truecount="2" falsecount="0"/>
      <line num="36" count="2" type="stmt"/>
      <line num="37" count="4" type="cond" truecount="1" falsecount="1"/>
      <line num="38" count="0" type="stmt"/>
      <line num="41" count="6" type="cond" truecount="2" falsecount="0"/>
      <line num="42" count="1" type="stmt"/>
      <line num="43" count="5" type="cond" truecount="1" falsecount="1"/>
      <line num="44" count="0" type="stmt"/>
      <line num="47" count="6" type="cond" truecount="2" falsecount="0"/>
      <line num="48" count="1" type="stmt"/>
      <line num="49" count="5" type="cond" truecount="2" falsecount="0"/>
      <line num="50" count="1" type="stmt"/>
      <line num="53" count="6" type="stmt"/>
      <line num="54" count="6" type="stmt"/>
      <line num="58" count="360" type="stmt"/>
      <line num="59" count="7" type="stmt"/>
      <line num="60" count="7" type="cond" truecount="4" falsecount="0"/>
      <line num="61" count="2" type="stmt"/>
      <line num="62" count="2" type="stmt"/>
      <line num="64" count="5" type="stmt"/>
      <line num="68" count="360" type="stmt"/>
      <line num="69" count="9" type="cond" truecount="4" falsecount="0"/>
      <line num="70" count="1" type="stmt"/>
      <line num="71" count="1" type="stmt"/>
      <line num="73" count="8" type="stmt"/>
      <line num="77" count="360" type="stmt"/>
      <line num="78" count="22" type="cond" truecount="4" falsecount="0"/>
      <line num="79" count="15" type="stmt"/>
      <line num="80" count="15" type="stmt"/>
      <line num="82" count="7" type="stmt"/>
      <line num="89" count="360" type="stmt"/>
      <line num="90" count="6" type="stmt"/>
      <line num="91" count="6" type="stmt"/>
      <line num="93" count="6" type="cond" truecount="2" falsecount="0"/>
      <line num="94" count="2" type="stmt"/>
      <line num="97" count="4" type="stmt"/>
      <line num="99" count="4" type="stmt"/>
      <line num="100" count="4" type="stmt"/>
      <line num="106" count="2" type="stmt"/>
      <line num="108" count="2" type="cond" truecount="3" falsecount="1"/>
      <line num="109" count="2" type="cond" truecount="1" falsecount="1"/>
      <line num="110" count="2" type="stmt"/>
      <line num="113" count="2" type="cond" truecount="1" falsecount="1"/>
      <line num="114" count="2" type="stmt"/>
      <line num="117" count="2" type="stmt"/>
      <line num="120" count="2" type="stmt"/>
      <line num="121" count="2" type="cond" truecount="2" falsecount="0"/>
      <line num="122" count="1" type="stmt"/>
      <line num="124" count="1" type="stmt"/>
      <line num="129" count="360" type="stmt"/>
      <line num="143" count="36" type="stmt"/>
      <line num="145" count="36" type="cond" truecount="1" falsecount="1"/>
      <line num="146" count="0" type="stmt"/>
      <line num="150" count="5" type="cond" truecount="2" falsecount="0"/>
      <line num="151" count="1" type="stmt"/>
      <line num="176" count="116" type="stmt"/>
      <line num="178" count="116" type="cond" truecount="2" falsecount="0"/>
      <line num="179" count="2" type="stmt"/>
      <line num="205" count="103" type="stmt"/>
      <line num="207" count="103" type="cond" truecount="2" falsecount="0"/>
      <line num="208" count="1" type="stmt"/>
      <line num="211" count="103" type="cond" truecount="2" falsecount="0"/>
      <line num="212" count="15" type="stmt"/>
      <line num="238" count="78" type="stmt"/>
      <line num="240" count="78" type="cond" truecount="2" falsecount="0"/>
      <line num="241" count="1" type="stmt"/>
      <line num="276" count="1" type="stmt"/>
    </file>
  </project>
</coverage>
