{"/home/taslihah/Turing Tasks/homehost/packages/client/components/Auth/Register.jsx": {"path":"/home/taslihah/Turing Tasks/homehost/packages/client/components/Auth/Register.jsx","statementMap":{"0":{"start":{"line":13,"column":17},"end":{"line":274,"column":1}},"1":{"start":{"line":14,"column":26},"end":{"line":14,"column":38}},"2":{"start":{"line":15,"column":28},"end":{"line":15,"column":40}},"3":{"start":{"line":16,"column":34},"end":{"line":16,"column":46}},"4":{"start":{"line":17,"column":48},"end":{"line":17,"column":60}},"5":{"start":{"line":18,"column":30},"end":{"line":18,"column":42}},"6":{"start":{"line":19,"column":40},"end":{"line":19,"column":52}},"7":{"start":{"line":20,"column":36},"end":{"line":20,"column":51}},"8":{"start":{"line":21,"column":19},"end":{"line":21,"column":32}},"9":{"start":{"line":27,"column":23},"end":{"line":55,"column":3}},"10":{"start":{"line":28,"column":22},"end":{"line":28,"column":24}},"11":{"start":{"line":29,"column":23},"end":{"line":29,"column":51}},"12":{"start":{"line":31,"column":4},"end":{"line":33,"column":5}},"13":{"start":{"line":32,"column":6},"end":{"line":32,"column":42}},"14":{"start":{"line":35,"column":4},"end":{"line":39,"column":5}},"15":{"start":{"line":36,"column":6},"end":{"line":36,"column":44}},"16":{"start":{"line":37,"column":11},"end":{"line":39,"column":5}},"17":{"start":{"line":38,"column":6},"end":{"line":38,"column":61}},"18":{"start":{"line":41,"column":4},"end":{"line":45,"column":5}},"19":{"start":{"line":42,"column":6},"end":{"line":42,"column":50}},"20":{"start":{"line":43,"column":11},"end":{"line":45,"column":5}},"21":{"start":{"line":44,"column":6},"end":{"line":44,"column":73}},"22":{"start":{"line":47,"column":4},"end":{"line":51,"column":5}},"23":{"start":{"line":48,"column":6},"end":{"line":48,"column":65}},"24":{"start":{"line":49,"column":11},"end":{"line":51,"column":5}},"25":{"start":{"line":50,"column":6},"end":{"line":50,"column":59}},"26":{"start":{"line":53,"column":4},"end":{"line":53,"column":25}},"27":{"start":{"line":54,"column":4},"end":{"line":54,"column":47}},"28":{"start":{"line":58,"column":24},"end":{"line":65,"column":3}},"29":{"start":{"line":59,"column":23},"end":{"line":59,"column":51}},"30":{"start":{"line":60,"column":4},"end":{"line":63,"column":5}},"31":{"start":{"line":61,"column":6},"end":{"line":61,"column":84}},"32":{"start":{"line":61,"column":25},"end":{"line":61,"column":81}},"33":{"start":{"line":62,"column":6},"end":{"line":62,"column":19}},"34":{"start":{"line":64,"column":4},"end":{"line":64,"column":16}},"35":{"start":{"line":68,"column":27},"end":{"line":74,"column":3}},"36":{"start":{"line":69,"column":4},"end":{"line":72,"column":5}},"37":{"start":{"line":70,"column":6},"end":{"line":70,"column":96}},"38":{"start":{"line":70,"column":25},"end":{"line":70,"column":93}},"39":{"start":{"line":71,"column":6},"end":{"line":71,"column":19}},"40":{"start":{"line":73,"column":4},"end":{"line":73,"column":16}},"41":{"start":{"line":77,"column":32},"end":{"line":83,"column":3}},"42":{"start":{"line":78,"column":4},"end":{"line":81,"column":5}},"43":{"start":{"line":79,"column":6},"end":{"line":79,"column":82}},"44":{"start":{"line":79,"column":25},"end":{"line":79,"column":79}},"45":{"start":{"line":80,"column":6},"end":{"line":80,"column":19}},"46":{"start":{"line":82,"column":4},"end":{"line":82,"column":16}},"47":{"start":{"line":89,"column":23},"end":{"line":127,"column":3}},"48":{"start":{"line":90,"column":4},"end":{"line":90,"column":23}},"49":{"start":{"line":91,"column":4},"end":{"line":91,"column":23}},"50":{"start":{"line":93,"column":4},"end":{"line":95,"column":5}},"51":{"start":{"line":94,"column":6},"end":{"line":94,"column":13}},"52":{"start":{"line":97,"column":4},"end":{"line":97,"column":23}},"53":{"start":{"line":99,"column":4},"end":{"line":126,"column":5}},"54":{"start":{"line":100,"column":23},"end":{"line":104,"column":8}},"55":{"start":{"line":106,"column":6},"end":{"line":106,"column":26}},"56":{"start":{"line":108,"column":6},"end":{"line":118,"column":7}},"57":{"start":{"line":109,"column":8},"end":{"line":111,"column":9}},"58":{"start":{"line":110,"column":10},"end":{"line":110,"column":43}},"59":{"start":{"line":113,"column":8},"end":{"line":115,"column":9}},"60":{"start":{"line":114,"column":10},"end":{"line":114,"column":74}},"61":{"start":{"line":117,"column":8},"end":{"line":117,"column":27}},"62":{"start":{"line":120,"column":6},"end":{"line":120,"column":26}},"63":{"start":{"line":121,"column":6},"end":{"line":125,"column":7}},"64":{"start":{"line":122,"column":8},"end":{"line":122,"column":52}},"65":{"start":{"line":124,"column":8},"end":{"line":124,"column":83}},"66":{"start":{"line":129,"column":2},"end":{"line":273,"column":4}},"67":{"start":{"line":143,"column":14},"end":{"line":143,"column":38}},"68":{"start":{"line":145,"column":14},"end":{"line":147,"column":15}},"69":{"start":{"line":146,"column":16},"end":{"line":146,"column":59}},"70":{"start":{"line":146,"column":35},"end":{"line":146,"column":56}},"71":{"start":{"line":150,"column":14},"end":{"line":152,"column":15}},"72":{"start":{"line":151,"column":16},"end":{"line":151,"column":75}},"73":{"start":{"line":151,"column":35},"end":{"line":151,"column":72}},"74":{"start":{"line":176,"column":14},"end":{"line":176,"column":39}},"75":{"start":{"line":178,"column":14},"end":{"line":180,"column":15}},"76":{"start":{"line":179,"column":16},"end":{"line":179,"column":60}},"77":{"start":{"line":179,"column":35},"end":{"line":179,"column":57}},"78":{"start":{"line":205,"column":14},"end":{"line":205,"column":42}},"79":{"start":{"line":207,"column":14},"end":{"line":209,"column":15}},"80":{"start":{"line":208,"column":16},"end":{"line":208,"column":63}},"81":{"start":{"line":208,"column":35},"end":{"line":208,"column":60}},"82":{"start":{"line":211,"column":14},"end":{"line":213,"column":15}},"83":{"start":{"line":212,"column":16},"end":{"line":212,"column":40}},"84":{"start":{"line":238,"column":14},"end":{"line":238,"column":49}},"85":{"start":{"line":240,"column":14},"end":{"line":242,"column":15}},"86":{"start":{"line":241,"column":16},"end":{"line":241,"column":70}},"87":{"start":{"line":241,"column":35},"end":{"line":241,"column":67}},"88":{"start":{"line":276,"column":0},"end":{"line":279,"column":2}}},"fnMap":{"0":{"name":"(anonymous_0)","decl":{"start":{"line":13,"column":17},"end":{"line":13,"column":18}},"loc":{"start":{"line":13,"column":55},"end":{"line":274,"column":1}},"line":13},"1":{"name":"(anonymous_1)","decl":{"start":{"line":27,"column":23},"end":{"line":27,"column":24}},"loc":{"start":{"line":27,"column":29},"end":{"line":55,"column":3}},"line":27},"2":{"name":"(anonymous_2)","decl":{"start":{"line":58,"column":24},"end":{"line":58,"column":25}},"loc":{"start":{"line":58,"column":30},"end":{"line":65,"column":3}},"line":58},"3":{"name":"(anonymous_3)","decl":{"start":{"line":61,"column":16},"end":{"line":61,"column":17}},"loc":{"start":{"line":61,"column":25},"end":{"line":61,"column":81}},"line":61},"4":{"name":"(anonymous_4)","decl":{"start":{"line":68,"column":27},"end":{"line":68,"column":28}},"loc":{"start":{"line":68,"column":33},"end":{"line":74,"column":3}},"line":68},"5":{"name":"(anonymous_5)","decl":{"start":{"line":70,"column":16},"end":{"line":70,"column":17}},"loc":{"start":{"line":70,"column":25},"end":{"line":70,"column":93}},"line":70},"6":{"name":"(anonymous_6)","decl":{"start":{"line":77,"column":32},"end":{"line":77,"column":33}},"loc":{"start":{"line":77,"column":38},"end":{"line":83,"column":3}},"line":77},"7":{"name":"(anonymous_7)","decl":{"start":{"line":79,"column":16},"end":{"line":79,"column":17}},"loc":{"start":{"line":79,"column":25},"end":{"line":79,"column":79}},"line":79},"8":{"name":"(anonymous_8)","decl":{"start":{"line":89,"column":23},"end":{"line":89,"column":24}},"loc":{"start":{"line":89,"column":36},"end":{"line":127,"column":3}},"line":89},"9":{"name":"(anonymous_9)","decl":{"start":{"line":142,"column":22},"end":{"line":142,"column":23}},"loc":{"start":{"line":142,"column":29},"end":{"line":148,"column":13}},"line":142},"10":{"name":"(anonymous_10)","decl":{"start":{"line":146,"column":26},"end":{"line":146,"column":27}},"loc":{"start":{"line":146,"column":35},"end":{"line":146,"column":56}},"line":146},"11":{"name":"(anonymous_11)","decl":{"start":{"line":149,"column":20},"end":{"line":149,"column":21}},"loc":{"start":{"line":149,"column":26},"end":{"line":153,"column":13}},"line":149},"12":{"name":"(anonymous_12)","decl":{"start":{"line":151,"column":26},"end":{"line":151,"column":27}},"loc":{"start":{"line":151,"column":35},"end":{"line":151,"column":72}},"line":151},"13":{"name":"(anonymous_13)","decl":{"start":{"line":175,"column":22},"end":{"line":175,"column":23}},"loc":{"start":{"line":175,"column":29},"end":{"line":181,"column":13}},"line":175},"14":{"name":"(anonymous_14)","decl":{"start":{"line":179,"column":26},"end":{"line":179,"column":27}},"loc":{"start":{"line":179,"column":35},"end":{"line":179,"column":57}},"line":179},"15":{"name":"(anonymous_15)","decl":{"start":{"line":204,"column":22},"end":{"line":204,"column":23}},"loc":{"start":{"line":204,"column":29},"end":{"line":214,"column":13}},"line":204},"16":{"name":"(anonymous_16)","decl":{"start":{"line":208,"column":26},"end":{"line":208,"column":27}},"loc":{"start":{"line":208,"column":35},"end":{"line":208,"column":60}},"line":208},"17":{"name":"(anonymous_17)","decl":{"start":{"line":237,"column":22},"end":{"line":237,"column":23}},"loc":{"start":{"line":237,"column":29},"end":{"line":243,"column":13}},"line":237},"18":{"name":"(anonymous_18)","decl":{"start":{"line":241,"column":26},"end":{"line":241,"column":27}},"loc":{"start":{"line":241,"column":35},"end":{"line":241,"column":67}},"line":241}},"branchMap":{"0":{"loc":{"start":{"line":31,"column":4},"end":{"line":33,"column":5}},"type":"if","locations":[{"start":{"line":31,"column":4},"end":{"line":33,"column":5}},{"start":{},"end":{}}],"line":31},"1":{"loc":{"start":{"line":35,"column":4},"end":{"line":39,"column":5}},"type":"if","locations":[{"start":{"line":35,"column":4},"end":{"line":39,"column":5}},{"start":{"line":37,"column":11},"end":{"line":39,"column":5}}],"line":35},"2":{"loc":{"start":{"line":37,"column":11},"end":{"line":39,"column":5}},"type":"if","locations":[{"start":{"line":37,"column":11},"end":{"line":39,"column":5}},{"start":{},"end":{}}],"line":37},"3":{"loc":{"start":{"line":41,"column":4},"end":{"line":45,"column":5}},"type":"if","locations":[{"start":{"line":41,"column":4},"end":{"line":45,"column":5}},{"start":{"line":43,"column":11},"end":{"line":45,"column":5}}],"line":41},"4":{"loc":{"start":{"line":43,"column":11},"end":{"line":45,"column":5}},"type":"if","locations":[{"start":{"line":43,"column":11},"end":{"line":45,"column":5}},{"start":{},"end":{}}],"line":43},"5":{"loc":{"start":{"line":47,"column":4},"end":{"line":51,"column":5}},"type":"if","locations":[{"start":{"line":47,"column":4},"end":{"line":51,"column":5}},{"start":{"line":49,"column":11},"end":{"line":51,"column":5}}],"line":47},"6":{"loc":{"start":{"line":49,"column":11},"end":{"line":51,"column":5}},"type":"if","locations":[{"start":{"line":49,"column":11},"end":{"line":51,"column":5}},{"start":{},"end":{}}],"line":49},"7":{"loc":{"start":{"line":60,"column":4},"end":{"line":63,"column":5}},"type":"if","locations":[{"start":{"line":60,"column":4},"end":{"line":63,"column":5}},{"start":{},"end":{}}],"line":60},"8":{"loc":{"start":{"line":60,"column":8},"end":{"line":60,"column":40}},"type":"binary-expr","locations":[{"start":{"line":60,"column":8},"end":{"line":60,"column":13}},{"start":{"line":60,"column":17},"end":{"line":60,"column":40}}],"line":60},"9":{"loc":{"start":{"line":69,"column":4},"end":{"line":72,"column":5}},"type":"if","locations":[{"start":{"line":69,"column":4},"end":{"line":72,"column":5}},{"start":{},"end":{}}],"line":69},"10":{"loc":{"start":{"line":69,"column":8},"end":{"line":69,"column":39}},"type":"binary-expr","locations":[{"start":{"line":69,"column":8},"end":{"line":69,"column":16}},{"start":{"line":69,"column":20},"end":{"line":69,"column":39}}],"line":69},"11":{"loc":{"start":{"line":78,"column":4},"end":{"line":81,"column":5}},"type":"if","locations":[{"start":{"line":78,"column":4},"end":{"line":81,"column":5}},{"start":{},"end":{}}],"line":78},"12":{"loc":{"start":{"line":78,"column":8},"end":{"line":78,"column":55}},"type":"binary-expr","locations":[{"start":{"line":78,"column":8},"end":{"line":78,"column":23}},{"start":{"line":78,"column":27},"end":{"line":78,"column":55}}],"line":78},"13":{"loc":{"start":{"line":93,"column":4},"end":{"line":95,"column":5}},"type":"if","locations":[{"start":{"line":93,"column":4},"end":{"line":95,"column":5}},{"start":{},"end":{}}],"line":93},"14":{"loc":{"start":{"line":108,"column":6},"end":{"line":118,"column":7}},"type":"if","locations":[{"start":{"line":108,"column":6},"end":{"line":118,"column":7}},{"start":{},"end":{}}],"line":108},"15":{"loc":{"start":{"line":108,"column":10},"end":{"line":108,"column":60}},"type":"binary-expr","locations":[{"start":{"line":108,"column":10},"end":{"line":108,"column":33}},{"start":{"line":108,"column":37},"end":{"line":108,"column":60}}],"line":108},"16":{"loc":{"start":{"line":109,"column":8},"end":{"line":111,"column":9}},"type":"if","locations":[{"start":{"line":109,"column":8},"end":{"line":111,"column":9}},{"start":{},"end":{}}],"line":109},"17":{"loc":{"start":{"line":113,"column":8},"end":{"line":115,"column":9}},"type":"if","locations":[{"start":{"line":113,"column":8},"end":{"line":115,"column":9}},{"start":{},"end":{}}],"line":113},"18":{"loc":{"start":{"line":121,"column":6},"end":{"line":125,"column":7}},"type":"if","locations":[{"start":{"line":121,"column":6},"end":{"line":125,"column":7}},{"start":{"line":123,"column":13},"end":{"line":125,"column":7}}],"line":121},"19":{"loc":{"start":{"line":145,"column":14},"end":{"line":147,"column":15}},"type":"if","locations":[{"start":{"line":145,"column":14},"end":{"line":147,"column":15}},{"start":{},"end":{}}],"line":145},"20":{"loc":{"start":{"line":150,"column":14},"end":{"line":152,"column":15}},"type":"if","locations":[{"start":{"line":150,"column":14},"end":{"line":152,"column":15}},{"start":{},"end":{}}],"line":150},"21":{"loc":{"start":{"line":154,"column":37},"end":{"line":154,"column":69}},"type":"cond-expr","locations":[{"start":{"line":154,"column":51},"end":{"line":154,"column":64}},{"start":{"line":154,"column":67},"end":{"line":154,"column":69}}],"line":154},"22":{"loc":{"start":{"line":156,"column":30},"end":{"line":156,"column":68}},"type":"cond-expr","locations":[{"start":{"line":156,"column":44},"end":{"line":156,"column":56}},{"start":{"line":156,"column":59},"end":{"line":156,"column":68}}],"line":156},"23":{"loc":{"start":{"line":159,"column":11},"end":{"line":163,"column":11}},"type":"binary-expr","locations":[{"start":{"line":159,"column":11},"end":{"line":159,"column":22}},{"start":{"line":160,"column":12},"end":{"line":162,"column":19}}],"line":159},"24":{"loc":{"start":{"line":178,"column":14},"end":{"line":180,"column":15}},"type":"if","locations":[{"start":{"line":178,"column":14},"end":{"line":180,"column":15}},{"start":{},"end":{}}],"line":178},"25":{"loc":{"start":{"line":183,"column":37},"end":{"line":183,"column":70}},"type":"cond-expr","locations":[{"start":{"line":183,"column":52},"end":{"line":183,"column":65}},{"start":{"line":183,"column":68},"end":{"line":183,"column":70}}],"line":183},"26":{"loc":{"start":{"line":185,"column":30},"end":{"line":185,"column":70}},"type":"cond-expr","locations":[{"start":{"line":185,"column":45},"end":{"line":185,"column":58}},{"start":{"line":185,"column":61},"end":{"line":185,"column":70}}],"line":185},"27":{"loc":{"start":{"line":188,"column":11},"end":{"line":192,"column":11}},"type":"binary-expr","locations":[{"start":{"line":188,"column":11},"end":{"line":188,"column":23}},{"start":{"line":189,"column":12},"end":{"line":191,"column":19}}],"line":188},"28":{"loc":{"start":{"line":207,"column":14},"end":{"line":209,"column":15}},"type":"if","locations":[{"start":{"line":207,"column":14},"end":{"line":209,"column":15}},{"start":{},"end":{}}],"line":207},"29":{"loc":{"start":{"line":211,"column":14},"end":{"line":213,"column":15}},"type":"if","locations":[{"start":{"line":211,"column":14},"end":{"line":213,"column":15}},{"start":{},"end":{}}],"line":211},"30":{"loc":{"start":{"line":216,"column":37},"end":{"line":216,"column":73}},"type":"cond-expr","locations":[{"start":{"line":216,"column":55},"end":{"line":216,"column":68}},{"start":{"line":216,"column":71},"end":{"line":216,"column":73}}],"line":216},"31":{"loc":{"start":{"line":218,"column":30},"end":{"line":218,"column":76}},"type":"cond-expr","locations":[{"start":{"line":218,"column":48},"end":{"line":218,"column":64}},{"start":{"line":218,"column":67},"end":{"line":218,"column":76}}],"line":218},"32":{"loc":{"start":{"line":221,"column":11},"end":{"line":225,"column":11}},"type":"binary-expr","locations":[{"start":{"line":221,"column":11},"end":{"line":221,"column":26}},{"start":{"line":222,"column":12},"end":{"line":224,"column":19}}],"line":221},"33":{"loc":{"start":{"line":240,"column":14},"end":{"line":242,"column":15}},"type":"if","locations":[{"start":{"line":240,"column":14},"end":{"line":242,"column":15}},{"start":{},"end":{}}],"line":240},"34":{"loc":{"start":{"line":245,"column":37},"end":{"line":245,"column":80}},"type":"cond-expr","locations":[{"start":{"line":245,"column":62},"end":{"line":245,"column":75}},{"start":{"line":245,"column":78},"end":{"line":245,"column":80}}],"line":245},"35":{"loc":{"start":{"line":247,"column":30},"end":{"line":247,"column":91}},"type":"cond-expr","locations":[{"start":{"line":247,"column":55},"end":{"line":247,"column":79}},{"start":{"line":247,"column":82},"end":{"line":247,"column":91}}],"line":247},"36":{"loc":{"start":{"line":250,"column":11},"end":{"line":254,"column":11}},"type":"binary-expr","locations":[{"start":{"line":250,"column":11},"end":{"line":250,"column":33}},{"start":{"line":251,"column":12},"end":{"line":253,"column":19}}],"line":250},"37":{"loc":{"start":{"line":257,"column":9},"end":{"line":261,"column":9}},"type":"binary-expr","locations":[{"start":{"line":257,"column":9},"end":{"line":257,"column":20}},{"start":{"line":258,"column":10},"end":{"line":260,"column":16}}],"line":257},"38":{"loc":{"start":{"line":269,"column":11},"end":{"line":269,"column":58}},"type":"cond-expr","locations":[{"start":{"line":269,"column":23},"end":{"line":269,"column":39}},{"start":{"line":269,"column":42},"end":{"line":269,"column":58}}],"line":269}},"s":{"0":1,"1":360,"2":360,"3":360,"4":360,"5":360,"6":360,"7":360,"8":360,"9":360,"10":6,"11":6,"12":6,"13":2,"14":6,"15":2,"16":4,"17":0,"18":6,"19":1,"20":5,"21":0,"22":6,"23":1,"24":5,"25":1,"26":6,"27":6,"28":360,"29":7,"30":7,"31":2,"32":2,"33":2,"34":5,"35":360,"36":9,"37":1,"38":1,"39":1,"40":8,"41":360,"42":22,"43":15,"44":15,"45":15,"46":7,"47":360,"48":6,"49":6,"50":6,"51":2,"52":4,"53":4,"54":4,"55":2,"56":2,"57":2,"58":2,"59":2,"60":2,"61":2,"62":2,"63":2,"64":1,"65":1,"66":360,"67":36,"68":36,"69":0,"70":0,"71":5,"72":1,"73":1,"74":116,"75":116,"76":2,"77":2,"78":103,"79":103,"80":1,"81":1,"82":103,"83":15,"84":78,"85":78,"86":1,"87":1,"88":1},"f":{"0":360,"1":6,"2":7,"3":2,"4":9,"5":1,"6":22,"7":15,"8":6,"9":36,"10":0,"11":5,"12":1,"13":116,"14":2,"15":103,"16":1,"17":78,"18":1},"b":{"0":[2,4],"1":[2,4],"2":[0,4],"3":[1,5],"4":[0,5],"5":[1,5],"6":[1,4],"7":[2,5],"8":[7,7],"9":[1,8],"10":[9,9],"11":[15,7],"12":[22,22],"13":[2,4],"14":[2,0],"15":[2,2],"16":[2,0],"17":[2,0],"18":[1,1],"19":[0,36],"20":[1,4],"21":[3,357],"22":[3,357],"23":[360,3],"24":[2,114],"25":[4,356],"26":[4,356],"27":[360,4],"28":[1,102],"29":[15,88],"30":[2,358],"31":[2,358],"32":[360,2],"33":[1,77],"34":[17,343],"35":[17,343],"36":[360,17],"37":[360,2],"38":[4,356]},"_coverageSchema":"1a1c01bbd47fc00a2c39e90264f33305004495a9","hash":"20bd5a6750c144134886bbe23658d4ffd540de8c"}
}
