{"/home/taslihah/Turing Tasks/homehost/packages/client/components/Auth/Profile.jsx": {"path":"/home/taslihah/Turing Tasks/homehost/packages/client/components/Auth/Profile.jsx","statementMap":{"0":{"start":{"line":12,"column":16},"end":{"line":144,"column":1}},"1":{"start":{"line":13,"column":34},"end":{"line":13,"column":48}},"2":{"start":{"line":14,"column":36},"end":{"line":14,"column":50}},"3":{"start":{"line":15,"column":28},"end":{"line":15,"column":40}},"4":{"start":{"line":16,"column":19},"end":{"line":16,"column":32}},"5":{"start":{"line":18,"column":2},"end":{"line":42,"column":17}},"6":{"start":{"line":22,"column":26},"end":{"line":39,"column":5}},"7":{"start":{"line":23,"column":6},"end":{"line":38,"column":7}},"8":{"start":{"line":24,"column":25},"end":{"line":24,"column":51}},"9":{"start":{"line":26,"column":8},"end":{"line":28,"column":9}},"10":{"start":{"line":27,"column":10},"end":{"line":27,"column":37}},"11":{"start":{"line":30,"column":8},"end":{"line":35,"column":9}},"12":{"start":{"line":32,"column":10},"end":{"line":32,"column":29}},"13":{"start":{"line":34,"column":10},"end":{"line":34,"column":82}},"14":{"start":{"line":37,"column":8},"end":{"line":37,"column":28}},"15":{"start":{"line":41,"column":4},"end":{"line":41,"column":20}},"16":{"start":{"line":47,"column":23},"end":{"line":62,"column":3}},"17":{"start":{"line":48,"column":4},"end":{"line":61,"column":5}},"18":{"start":{"line":49,"column":6},"end":{"line":49,"column":25}},"19":{"start":{"line":50,"column":23},"end":{"line":50,"column":54}},"20":{"start":{"line":52,"column":6},"end":{"line":57,"column":7}},"21":{"start":{"line":53,"column":8},"end":{"line":55,"column":9}},"22":{"start":{"line":54,"column":10},"end":{"line":54,"column":21}},"23":{"start":{"line":56,"column":8},"end":{"line":56,"column":27}},"24":{"start":{"line":59,"column":6},"end":{"line":59,"column":54}},"25":{"start":{"line":60,"column":6},"end":{"line":60,"column":26}},"26":{"start":{"line":65,"column":2},"end":{"line":81,"column":3}},"27":{"start":{"line":66,"column":4},"end":{"line":80,"column":6}},"28":{"start":{"line":84,"column":2},"end":{"line":100,"column":3}},"29":{"start":{"line":85,"column":4},"end":{"line":99,"column":6}},"30":{"start":{"line":92,"column":27},"end":{"line":92,"column":51}},"31":{"start":{"line":102,"column":2},"end":{"line":143,"column":4}},"32":{"start":{"line":126,"column":29},"end":{"line":126,"column":54}},"33":{"start":{"line":146,"column":0},"end":{"line":148,"column":2}}},"fnMap":{"0":{"name":"(anonymous_0)","decl":{"start":{"line":12,"column":16},"end":{"line":12,"column":17}},"loc":{"start":{"line":12,"column":34},"end":{"line":144,"column":1}},"line":12},"1":{"name":"(anonymous_1)","decl":{"start":{"line":18,"column":12},"end":{"line":18,"column":13}},"loc":{"start":{"line":18,"column":18},"end":{"line":42,"column":3}},"line":18},"2":{"name":"(anonymous_2)","decl":{"start":{"line":22,"column":26},"end":{"line":22,"column":27}},"loc":{"start":{"line":22,"column":38},"end":{"line":39,"column":5}},"line":22},"3":{"name":"(anonymous_3)","decl":{"start":{"line":47,"column":23},"end":{"line":47,"column":24}},"loc":{"start":{"line":47,"column":35},"end":{"line":62,"column":3}},"line":47},"4":{"name":"(anonymous_4)","decl":{"start":{"line":92,"column":21},"end":{"line":92,"column":22}},"loc":{"start":{"line":92,"column":27},"end":{"line":92,"column":51}},"line":92},"5":{"name":"(anonymous_5)","decl":{"start":{"line":126,"column":23},"end":{"line":126,"column":24}},"loc":{"start":{"line":126,"column":29},"end":{"line":126,"column":54}},"line":126}},"branchMap":{"0":{"loc":{"start":{"line":26,"column":8},"end":{"line":28,"column":9}},"type":"if","locations":[{"start":{"line":26,"column":8},"end":{"line":28,"column":9}},{"start":{},"end":{}}],"line":26},"1":{"loc":{"start":{"line":30,"column":8},"end":{"line":35,"column":9}},"type":"if","locations":[{"start":{"line":30,"column":8},"end":{"line":35,"column":9}},{"start":{"line":33,"column":15},"end":{"line":35,"column":9}}],"line":30},"2":{"loc":{"start":{"line":52,"column":6},"end":{"line":57,"column":7}},"type":"if","locations":[{"start":{"line":52,"column":6},"end":{"line":57,"column":7}},{"start":{},"end":{}}],"line":52},"3":{"loc":{"start":{"line":53,"column":8},"end":{"line":55,"column":9}},"type":"if","locations":[{"start":{"line":53,"column":8},"end":{"line":55,"column":9}},{"start":{},"end":{}}],"line":53},"4":{"loc":{"start":{"line":65,"column":2},"end":{"line":81,"column":3}},"type":"if","locations":[{"start":{"line":65,"column":2},"end":{"line":81,"column":3}},{"start":{},"end":{}}],"line":65},"5":{"loc":{"start":{"line":84,"column":2},"end":{"line":100,"column":3}},"type":"if","locations":[{"start":{"line":84,"column":2},"end":{"line":100,"column":3}},{"start":{},"end":{}}],"line":84},"6":{"loc":{"start":{"line":105,"column":7},"end":{"line":141,"column":7}},"type":"binary-expr","locations":[{"start":{"line":105,"column":7},"end":{"line":105,"column":15}},{"start":{"line":106,"column":8},"end":{"line":140,"column":14}}],"line":105}},"s":{"0":1,"1":12,"2":12,"3":12,"4":12,"5":12,"6":6,"7":6,"8":6,"9":3,"10":3,"11":2,"12":1,"13":1,"14":5,"15":6,"16":12,"17":1,"18":1,"19":1,"20":1,"21":1,"22":1,"23":1,"24":0,"25":0,"26":12,"27":7,"28":5,"29":1,"30":0,"31":4,"32":1,"33":1},"f":{"0":12,"1":6,"2":6,"3":1,"4":0,"5":1},"b":{"0":[3,0],"1":[1,1],"2":[1,0],"3":[1,0],"4":[7,5],"5":[1,4],"6":[4,3]},"_coverageSchema":"1a1c01bbd47fc00a2c39e90264f33305004495a9","hash":"9cbded6531b91d1b23f3e01094104de5594e29a8"}
}
