TN:
SF:components/Auth/Profile.jsx
FN:12,(anonymous_0)
FN:18,(anonymous_1)
FN:22,(anonymous_2)
FN:47,(anonymous_3)
FN:92,(anonymous_4)
FN:126,(anonymous_5)
FNF:6
FNH:5
FNDA:12,(anonymous_0)
FNDA:6,(anonymous_1)
FNDA:6,(anonymous_2)
FNDA:1,(anonymous_3)
FNDA:0,(anonymous_4)
FNDA:1,(anonymous_5)
DA:12,1
DA:13,12
DA:14,12
DA:15,12
DA:16,12
DA:18,12
DA:22,6
DA:23,6
DA:24,6
DA:26,3
DA:27,3
DA:30,2
DA:32,1
DA:34,1
DA:37,5
DA:41,6
DA:47,12
DA:48,1
DA:49,1
DA:50,1
DA:52,1
DA:53,1
DA:54,1
DA:56,1
DA:59,0
DA:60,0
DA:65,12
DA:66,7
DA:84,5
DA:85,1
DA:92,0
DA:102,4
DA:126,1
DA:146,1
LF:34
LH:31
BRDA:26,0,0,3
BRDA:26,0,1,0
BRDA:30,1,0,1
BRDA:30,1,1,1
BRDA:52,2,0,1
BRDA:52,2,1,0
BRDA:53,3,0,1
BRDA:53,3,1,0
BRDA:65,4,0,7
BRDA:65,4,1,5
BRDA:84,5,0,1
BRDA:84,5,1,4
BRDA:105,6,0,4
BRDA:105,6,1,3
BRF:14
BRH:11
end_of_record
