TN:
SF:components/Auth/Login.jsx
FN:12,(anonymous_0)
FN:24,(anonymous_1)
FN:43,(anonymous_2)
FN:46,(anonymous_3)
FN:56,(anonymous_4)
FN:103,(anonymous_5)
FN:107,(anonymous_6)
FN:132,(anonymous_7)
FNF:8
FNH:7
FNDA:16,(anonymous_0)
FNDA:3,(anonymous_1)
FNDA:1,(anonymous_2)
FNDA:1,(anonymous_3)
FNDA:3,(anonymous_4)
FNDA:3,(anonymous_5)
FNDA:0,(anonymous_6)
FNDA:2,(anonymous_7)
DA:12,1
DA:13,16
DA:14,16
DA:15,16
DA:16,16
DA:17,16
DA:18,16
DA:24,16
DA:25,3
DA:26,3
DA:28,3
DA:29,1
DA:30,2
DA:31,0
DA:34,3
DA:35,1
DA:38,3
DA:39,3
DA:43,16
DA:44,1
DA:45,1
DA:46,1
DA:47,1
DA:49,0
DA:56,16
DA:57,3
DA:58,3
DA:60,3
DA:61,1
DA:64,2
DA:66,2
DA:67,2
DA:72,1
DA:74,1
DA:75,1
DA:76,1
DA:78,1
DA:81,1
DA:82,1
DA:83,1
DA:85,0
DA:90,16
DA:104,3
DA:106,3
DA:107,0
DA:132,2
DA:164,1
LF:47
LH:43
BRDA:28,0,0,1
BRDA:28,0,1,2
BRDA:30,1,0,0
BRDA:30,1,1,2
BRDA:34,2,0,1
BRDA:34,2,1,2
BRDA:45,3,0,1
BRDA:45,3,1,0
BRDA:45,4,0,1
BRDA:45,4,1,1
BRDA:60,5,0,1
BRDA:60,5,1,2
BRDA:74,6,0,1
BRDA:74,6,1,0
BRDA:75,7,0,1
BRDA:75,7,1,0
BRDA:82,8,0,1
BRDA:82,8,1,0
BRDA:106,9,0,0
BRDA:106,9,1,3
BRDA:111,10,0,2
BRDA:111,10,1,14
BRDA:113,11,0,2
BRDA:113,11,1,14
BRDA:116,12,0,16
BRDA:116,12,1,2
BRDA:133,13,0,1
BRDA:133,13,1,15
BRDA:135,14,0,1
BRDA:135,14,1,15
BRDA:138,15,0,16
BRDA:138,15,1,1
BRDA:145,16,0,16
BRDA:145,16,1,1
BRDA:157,17,0,2
BRDA:157,17,1,14
BRF:36
BRH:30
end_of_record
